TN:
SF:src\App.tsx
FN:33,(anonymous_1)
FNF:1
FNH:0
FNDA:0,(anonymous_1)
DA:1,0
DA:2,0
DA:3,0
DA:4,0
DA:5,0
DA:6,0
DA:7,0
DA:9,0
DA:10,0
DA:11,0
DA:12,0
DA:13,0
DA:14,0
DA:15,0
DA:16,0
DA:17,0
DA:18,0
DA:19,0
DA:20,0
DA:21,0
DA:22,0
DA:23,0
DA:24,0
DA:25,0
DA:28,0
DA:29,0
DA:31,0
DA:33,0
DA:34,0
DA:81,0
LF:30
LH:0
BRF:0
BRH:0
end_of_record
TN:
SF:src\components\auth\LoginForm.tsx
FN:11,(anonymous_7)
FN:17,(anonymous_8)
FN:17,(anonymous_9)
FN:53,(anonymous_10)
FN:64,(anonymous_11)
FNF:5
FNH:5
FNDA:7,(anonymous_7)
FNDA:2,(anonymous_8)
FNDA:2,(anonymous_9)
FNDA:2,(anonymous_10)
FNDA:2,(anonymous_11)
DA:1,1
DA:2,1
DA:3,1
DA:4,1
DA:5,1
DA:6,1
DA:7,1
DA:8,1
DA:9,1
DA:11,1
DA:12,7
DA:13,7
DA:14,7
DA:15,7
DA:17,7
DA:18,2
DA:20,2
DA:21,2
DA:22,1
DA:28,1
DA:35,7
DA:53,2
DA:64,2
DA:110,1
LF:24
LH:24
BRDA:21,0,0,1
BRDA:21,0,1,1
BRDA:74,1,0,0
BRDA:74,1,1,7
BRF:4
BRH:3
end_of_record
TN:
SF:src\components\auth\OrgSignUp.tsx
FN:10,(anonymous_7)
FN:22,(anonymous_8)
FN:22,(anonymous_9)
FN:148,(anonymous_10)
FN:160,(anonymous_11)
FN:172,(anonymous_12)
FN:184,(anonymous_13)
FN:196,(anonymous_14)
FN:207,(anonymous_15)
FN:218,(anonymous_16)
FN:230,(anonymous_17)
FNF:11
FNH:1
FNDA:1,(anonymous_7)
FNDA:0,(anonymous_8)
FNDA:0,(anonymous_9)
FNDA:0,(anonymous_10)
FNDA:0,(anonymous_11)
FNDA:0,(anonymous_12)
FNDA:0,(anonymous_13)
FNDA:0,(anonymous_14)
FNDA:0,(anonymous_15)
FNDA:0,(anonymous_16)
FNDA:0,(anonymous_17)
DA:1,1
DA:2,1
DA:3,1
DA:4,1
DA:5,1
DA:6,1
DA:7,1
DA:8,1
DA:10,1
DA:11,1
DA:12,1
DA:13,1
DA:14,1
DA:15,1
DA:16,1
DA:17,1
DA:18,1
DA:19,1
DA:20,1
DA:22,1
DA:23,0
DA:26,0
DA:27,0
DA:28,0
DA:30,0
DA:31,0
DA:32,0
DA:34,0
DA:35,0
DA:36,0
DA:38,0
DA:39,0
DA:40,0
DA:42,0
DA:43,0
DA:44,0
DA:46,0
DA:47,0
DA:48,0
DA:50,0
DA:51,0
DA:52,0
DA:54,0
DA:55,0
DA:56,0
DA:59,0
DA:60,0
DA:63,0
DA:69,0
DA:70,0
DA:71,0
DA:74,0
DA:75,0
DA:77,0
DA:78,0
DA:79,0
DA:83,0
DA:96,0
DA:97,0
DA:98,0
DA:102,0
DA:115,0
DA:116,0
DA:117,0
DA:118,0
DA:121,0
DA:122,0
DA:124,0
DA:126,0
DA:130,1
DA:148,0
DA:160,0
DA:172,0
DA:184,0
DA:196,0
DA:207,0
DA:218,0
DA:230,0
DA:250,1
LF:79
LH:22
BRDA:26,0,0,0
BRDA:26,0,1,0
BRDA:30,1,0,0
BRDA:30,1,1,0
BRDA:34,2,0,0
BRDA:34,2,1,0
BRDA:38,3,0,0
BRDA:38,3,1,0
BRDA:42,4,0,0
BRDA:42,4,1,0
BRDA:46,5,0,0
BRDA:46,5,1,0
BRDA:50,6,0,0
BRDA:50,6,1,0
BRDA:54,7,0,0
BRDA:54,7,1,0
BRDA:69,8,0,0
BRDA:69,8,1,0
BRDA:74,9,0,0
BRDA:74,9,1,0
BRDA:74,10,0,0
BRDA:74,10,1,0
BRDA:75,11,0,0
BRDA:75,11,1,0
BRDA:75,12,0,0
BRDA:75,12,1,0
BRDA:77,13,0,0
BRDA:77,13,1,0
BRDA:90,14,0,0
BRDA:90,14,1,0
BRDA:96,15,0,0
BRDA:96,15,1,0
BRDA:107,16,0,0
BRDA:107,16,1,0
BRDA:108,17,0,0
BRDA:108,17,1,0
BRDA:115,18,0,0
BRDA:115,18,1,0
BRDA:124,19,0,0
BRDA:124,19,1,0
BRDA:241,20,0,0
BRDA:241,20,1,1
BRF:42
BRH:1
end_of_record
TN:
SF:src\components\auth\SignUp.tsx
FN:13,(anonymous_7)
FN:24,(anonymous_8)
FN:24,(anonymous_9)
FN:121,(anonymous_10)
FN:133,(anonymous_11)
FN:145,(anonymous_12)
FN:157,(anonymous_13)
FN:169,(anonymous_14)
FNF:8
FNH:1
FNDA:1,(anonymous_7)
FNDA:0,(anonymous_8)
FNDA:0,(anonymous_9)
FNDA:0,(anonymous_10)
FNDA:0,(anonymous_11)
FNDA:0,(anonymous_12)
FNDA:0,(anonymous_13)
FNDA:0,(anonymous_14)
DA:2,1
DA:3,1
DA:4,1
DA:5,1
DA:6,1
DA:7,1
DA:9,1
DA:11,1
DA:13,1
DA:14,1
DA:15,1
DA:16,1
DA:17,1
DA:18,1
DA:19,1
DA:20,1
DA:24,1
DA:25,0
DA:27,0
DA:28,0
DA:29,0
DA:31,0
DA:32,0
DA:33,0
DA:35,0
DA:36,0
DA:37,0
DA:39,0
DA:40,0
DA:41,0
DA:43,0
DA:44,0
DA:45,0
DA:47,0
DA:48,0
DA:49,0
DA:51,0
DA:52,0
DA:53,0
DA:56,0
DA:57,0
DA:59,0
DA:65,0
DA:66,0
DA:67,0
DA:70,0
DA:71,0
DA:73,0
DA:74,0
DA:75,0
DA:78,0
DA:85,0
DA:86,0
DA:87,0
DA:90,0
DA:91,0
DA:93,0
DA:95,0
DA:102,1
DA:121,0
DA:133,0
DA:145,0
DA:157,0
DA:169,0
DA:191,1
LF:65
LH:19
BRDA:27,0,0,0
BRDA:27,0,1,0
BRDA:31,1,0,0
BRDA:31,1,1,0
BRDA:35,2,0,0
BRDA:35,2,1,0
BRDA:39,3,0,0
BRDA:39,3,1,0
BRDA:43,4,0,0
BRDA:43,4,1,0
BRDA:47,5,0,0
BRDA:47,5,1,0
BRDA:51,6,0,0
BRDA:51,6,1,0
BRDA:65,7,0,0
BRDA:65,7,1,0
BRDA:70,8,0,0
BRDA:70,8,1,0
BRDA:70,9,0,0
BRDA:70,9,1,0
BRDA:71,10,0,0
BRDA:71,10,1,0
BRDA:71,11,0,0
BRDA:71,11,1,0
BRDA:73,12,0,0
BRDA:73,12,1,0
BRDA:73,13,0,0
BRDA:73,13,1,0
BRDA:85,14,0,0
BRDA:85,14,1,0
BRDA:93,15,0,0
BRDA:93,15,1,0
BRDA:180,16,0,0
BRDA:180,16,1,1
BRF:34
BRH:1
end_of_record
TN:
SF:src\components\events\DeleteEventDialog.tsx
FN:21,(anonymous_7)
FN:22,(anonymous_8)
FN:22,(anonymous_9)
FNF:3
FNH:3
FNDA:3,(anonymous_7)
FNDA:2,(anonymous_8)
FNDA:2,(anonymous_9)
DA:2,1
DA:21,1
DA:22,3
DA:23,2
DA:24,1
DA:25,1
DA:29,3
DA:49,1
LF:8
LH:8
BRDA:23,0,0,1
BRDA:23,0,1,1
BRDA:35,1,0,1
BRDA:35,1,1,2
BRDA:35,2,0,3
BRDA:35,2,1,2
BRF:6
BRH:6
end_of_record
TN:
SF:src\components\events\EditEventDialog.tsx
FN:31,(anonymous_7)
FN:46,(anonymous_8)
FN:61,(anonymous_9)
FN:62,(anonymous_10)
FN:65,(anonymous_11)
FN:67,(anonymous_12)
FN:75,(anonymous_13)
FN:76,(anonymous_14)
FN:78,(anonymous_15)
FN:82,(anonymous_16)
FN:82,(anonymous_17)
FN:133,(anonymous_18)
FN:140,(anonymous_19)
FN:145,(anonymous_20)
FN:160,(anonymous_21)
FN:176,(anonymous_22)
FN:188,(anonymous_23)
FN:204,(anonymous_24)
FN:216,(anonymous_25)
FN:230,(anonymous_26)
FN:232,(anonymous_27)
FN:240,(anonymous_28)
FN:245,(anonymous_29)
FN:255,(anonymous_30)
FNF:24
FNH:9
FNDA:10,(anonymous_7)
FNDA:3,(anonymous_8)
FNDA:2,(anonymous_9)
FNDA:2,(anonymous_10)
FNDA:0,(anonymous_11)
FNDA:0,(anonymous_12)
FNDA:0,(anonymous_13)
FNDA:0,(anonymous_14)
FNDA:0,(anonymous_15)
FNDA:2,(anonymous_16)
FNDA:2,(anonymous_17)
FNDA:2,(anonymous_18)
FNDA:0,(anonymous_19)
FNDA:70,(anonymous_20)
FNDA:0,(anonymous_21)
FNDA:0,(anonymous_22)
FNDA:0,(anonymous_23)
FNDA:0,(anonymous_24)
FNDA:0,(anonymous_25)
FNDA:0,(anonymous_26)
FNDA:0,(anonymous_27)
FNDA:7,(anonymous_28)
FNDA:0,(anonymous_29)
FNDA:0,(anonymous_30)
DA:1,1
DA:2,1
DA:10,1
DA:11,1
DA:12,1
DA:13,1
DA:14,1
DA:15,1
DA:16,1
DA:18,1
DA:27,1
DA:31,1
DA:32,10
DA:33,10
DA:43,10
DA:44,10
DA:46,10
DA:47,3
DA:48,3
DA:61,10
DA:62,2
DA:65,10
DA:66,0
DA:67,0
DA:71,0
DA:75,10
DA:76,0
DA:78,0
DA:82,10
DA:83,2
DA:85,2
DA:86,1
DA:87,1
DA:90,1
DA:91,1
DA:92,1
DA:93,1
DA:95,1
DA:106,1
DA:107,1
DA:109,0
DA:110,0
DA:112,1
DA:116,10
DA:133,2
DA:140,0
DA:146,70
DA:160,0
DA:176,0
DA:188,0
DA:204,0
DA:216,0
DA:230,0
DA:232,0
DA:241,7
DA:245,0
DA:255,0
DA:267,1
LF:58
LH:41
BRDA:47,0,0,3
BRDA:47,0,1,0
BRDA:49,1,0,3
BRDA:49,1,1,0
BRDA:50,2,0,3
BRDA:50,2,1,0
BRDA:51,3,0,3
BRDA:51,3,1,0
BRDA:52,4,0,3
BRDA:52,4,1,0
BRDA:53,5,0,3
BRDA:53,5,1,0
BRDA:54,6,0,3
BRDA:54,6,1,0
BRDA:54,7,0,3
BRDA:54,7,1,3
BRDA:54,8,0,0
BRDA:54,8,1,3
BRDA:54,9,0,3
BRDA:54,9,1,3
BRDA:55,10,0,3
BRDA:55,10,1,3
BRDA:56,11,0,3
BRDA:56,11,1,0
BRDA:66,12,0,0
BRDA:66,12,1,0
BRDA:66,13,0,0
BRDA:66,13,1,0
BRDA:83,14,0,0
BRDA:83,14,1,2
BRDA:85,15,0,1
BRDA:85,15,1,1
BRDA:101,16,0,1
BRDA:101,16,1,0
BRDA:102,17,0,1
BRDA:102,17,1,1
BRDA:232,18,0,0
BRDA:232,18,1,0
BRDA:238,19,0,10
BRDA:238,19,1,7
BRDA:259,20,0,1
BRDA:259,20,1,9
BRF:42
BRH:25
end_of_record
TN:
SF:src\components\events\EventCard.tsx
FN:42,(anonymous_17)
FN:86,(anonymous_18)
FN:87,(anonymous_19)
FN:87,(anonymous_20)
FN:89,(anonymous_21)
FN:92,(anonymous_22)
FN:102,(anonymous_23)
FN:104,(anonymous_24)
FN:104,(anonymous_25)
FN:106,(anonymous_26)
FN:112,(anonymous_27)
FN:116,(anonymous_28)
FN:118,(anonymous_29)
FN:118,(anonymous_30)
FN:120,(anonymous_31)
FN:121,(anonymous_32)
FN:128,(anonymous_33)
FN:134,(anonymous_34)
FN:136,(anonymous_35)
FN:136,(anonymous_36)
FN:139,(anonymous_37)
FN:144,(anonymous_38)
FN:151,(anonymous_39)
FN:154,(anonymous_40)
FN:154,(anonymous_41)
FN:157,(anonymous_42)
FN:170,(anonymous_43)
FN:170,(anonymous_44)
FN:180,(anonymous_45)
FN:205,(anonymous_46)
FN:209,(anonymous_47)
FN:332,(anonymous_48)
FN:356,(anonymous_49)
FN:369,(anonymous_50)
FN:422,(anonymous_51)
FN:430,(anonymous_52)
FNF:36
FNH:21
FNDA:5,(anonymous_17)
FNDA:4,(anonymous_18)
FNDA:4,(anonymous_19)
FNDA:4,(anonymous_20)
FNDA:4,(anonymous_21)
FNDA:0,(anonymous_22)
FNDA:4,(anonymous_23)
FNDA:4,(anonymous_24)
FNDA:4,(anonymous_25)
FNDA:4,(anonymous_26)
FNDA:4,(anonymous_27)
FNDA:4,(anonymous_28)
FNDA:4,(anonymous_29)
FNDA:4,(anonymous_30)
FNDA:4,(anonymous_31)
FNDA:0,(anonymous_32)
FNDA:4,(anonymous_33)
FNDA:4,(anonymous_34)
FNDA:4,(anonymous_35)
FNDA:4,(anonymous_36)
FNDA:4,(anonymous_37)
FNDA:0,(anonymous_38)
FNDA:4,(anonymous_39)
FNDA:0,(anonymous_40)
FNDA:0,(anonymous_41)
FNDA:0,(anonymous_42)
FNDA:0,(anonymous_43)
FNDA:0,(anonymous_44)
FNDA:0,(anonymous_45)
FNDA:0,(anonymous_46)
FNDA:0,(anonymous_47)
FNDA:0,(anonymous_48)
FNDA:0,(anonymous_49)
FNDA:1,(anonymous_50)
FNDA:0,(anonymous_51)
FNDA:0,(anonymous_52)
DA:1,1
DA:2,1
DA:3,1
DA:4,1
DA:5,1
DA:16,1
DA:17,1
DA:18,1
DA:28,1
DA:29,1
DA:42,1
DA:52,5
DA:53,5
DA:54,5
DA:55,5
DA:56,5
DA:58,5
DA:59,5
DA:60,5
DA:61,5
DA:63,5
DA:64,5
DA:65,5
DA:66,5
DA:68,5
DA:74,5
DA:79,5
DA:83,5
DA:86,5
DA:87,4
DA:88,4
DA:89,8
DA:90,4
DA:91,4
DA:92,0
DA:98,4
DA:102,5
DA:103,4
DA:104,4
DA:105,4
DA:106,8
DA:107,4
DA:108,0
DA:111,4
DA:112,4
DA:116,5
DA:118,4
DA:119,4
DA:120,8
DA:121,4
DA:122,0
DA:128,4
DA:129,4
DA:134,5
DA:135,4
DA:136,4
DA:137,4
DA:138,4
DA:139,8
DA:141,4
DA:142,0
DA:144,0
DA:150,4
DA:151,4
DA:154,5
DA:155,0
DA:156,0
DA:157,0
DA:158,0
DA:159,0
DA:160,0
DA:162,0
DA:163,0
DA:166,0
DA:170,5
DA:172,0
DA:173,0
DA:175,0
DA:176,0
DA:178,0
DA:179,0
DA:180,0
DA:182,0
DA:183,0
DA:189,0
DA:190,0
DA:192,0
DA:193,0
DA:194,0
DA:200,0
DA:201,0
DA:203,0
DA:204,0
DA:205,0
DA:207,0
DA:208,0
DA:209,0
DA:210,0
DA:214,0
DA:219,0
DA:220,0
DA:227,0
DA:229,0
DA:230,0
DA:234,5
DA:333,0
DA:357,0
DA:358,0
DA:369,1
DA:422,0
DA:430,0
DA:443,1
LF:112
LH:64
BRDA:49,0,0,0
BRDA:50,1,0,5
BRDA:63,2,0,5
BRDA:63,2,1,0
BRDA:63,3,0,5
BRDA:63,3,1,5
BRDA:66,4,0,5
BRDA:66,4,1,0
BRDA:68,5,0,5
BRDA:68,5,1,0
BRDA:74,6,0,5
BRDA:74,6,1,5
BRDA:74,6,2,5
BRDA:79,7,0,5
BRDA:79,7,1,5
BRDA:79,7,2,5
BRDA:79,8,0,0
BRDA:79,8,1,5
BRDA:79,9,0,5
BRDA:79,9,1,5
BRDA:83,10,0,0
BRDA:83,10,1,5
BRDA:83,11,0,0
BRDA:83,11,1,5
BRDA:83,12,0,5
BRDA:83,12,1,5
BRDA:83,13,0,5
BRDA:83,13,1,0
BRDA:92,14,0,0
BRDA:92,14,1,0
BRDA:92,15,0,0
BRDA:92,15,1,0
BRDA:108,16,0,0
BRDA:108,16,1,0
BRDA:129,17,0,4
BRDA:129,17,1,0
BRDA:138,18,0,0
BRDA:138,18,1,4
BRDA:142,19,0,0
BRDA:142,19,1,0
BRDA:144,20,0,0
BRDA:144,20,1,0
BRDA:144,20,2,0
BRDA:152,21,0,0
BRDA:152,21,1,5
BRDA:152,22,0,5
BRDA:152,22,1,5
BRDA:158,23,0,0
BRDA:158,23,1,0
BRDA:172,24,0,0
BRDA:172,24,1,0
BRDA:172,25,0,0
BRDA:172,25,1,0
BRDA:172,25,2,0
BRDA:182,26,0,0
BRDA:182,26,1,0
BRDA:193,27,0,0
BRDA:193,27,1,0
BRDA:203,28,0,0
BRDA:203,28,1,0
BRDA:208,29,0,0
BRDA:208,29,1,0
BRDA:212,30,0,0
BRDA:212,30,1,0
BRDA:212,31,0,0
BRDA:212,31,1,0
BRDA:212,32,0,0
BRDA:212,32,1,0
BRDA:214,33,0,0
BRDA:214,33,1,0
BRDA:214,34,0,0
BRDA:214,34,1,0
BRDA:219,35,0,0
BRDA:219,35,1,0
BRDA:223,36,0,0
BRDA:223,36,1,0
BRDA:223,37,0,0
BRDA:223,37,1,0
BRDA:223,38,0,0
BRDA:223,38,1,0
BRDA:236,39,0,5
BRDA:236,39,1,0
BRDA:253,40,0,5
BRDA:253,40,1,5
BRDA:261,41,0,5
BRDA:261,41,1,0
BRDA:270,42,0,5
BRDA:270,42,1,5
BRDA:306,43,0,5
BRDA:306,43,1,0
BRDA:306,44,0,5
BRDA:306,44,1,5
BRDA:308,45,0,0
BRDA:308,45,1,0
BRDA:308,46,0,0
BRDA:308,46,1,0
BRDA:319,47,0,0
BRDA:319,47,1,5
BRDA:321,48,0,0
BRDA:321,48,1,5
BRDA:330,49,0,5
BRDA:330,49,1,0
BRDA:330,50,0,0
BRDA:330,50,1,5
BRDA:330,51,0,5
BRDA:330,51,1,5
BRDA:337,52,0,0
BRDA:337,52,1,0
BRDA:347,53,0,5
BRDA:347,53,1,5
BRDA:350,54,0,5
BRDA:350,54,1,5
BRDA:350,54,2,5
BRDA:350,54,3,5
BRDA:350,55,0,0
BRDA:350,55,1,5
BRDA:350,56,0,5
BRDA:350,56,1,5
BRDA:352,57,0,0
BRDA:352,57,1,5
BRDA:357,58,0,0
BRDA:357,58,1,0
BRDA:371,59,0,5
BRDA:371,59,1,4
BRDA:371,59,2,4
BRDA:371,59,3,4
BRDA:371,59,4,4
BRDA:379,60,0,1
BRDA:379,60,1,4
BRDA:381,61,0,0
BRDA:381,61,1,4
BRDA:381,62,0,4
BRDA:381,62,1,4
BRDA:397,63,0,0
BRDA:397,63,1,5
BRDA:409,64,0,0
BRDA:409,64,1,5
BRDA:411,65,0,0
BRDA:411,65,1,5
BRDA:417,66,0,5
BRDA:417,66,1,0
BRDA:422,67,0,0
BRDA:422,67,1,0
BRDA:422,68,0,0
BRDA:422,68,1,0
BRDA:430,69,0,0
BRDA:430,69,1,0
BRDA:430,70,0,0
BRDA:430,70,1,0
BRF:149
BRH:64
end_of_record
TN:
SF:src\components\events\EventFilters.tsx
FN:22,EventFiltersBar
FN:31,(anonymous_1)
FN:33,(anonymous_2)
FN:34,(anonymous_3)
FN:35,(anonymous_4)
FN:44,(anonymous_5)
FN:44,(anonymous_6)
FN:58,(anonymous_7)
FN:62,(anonymous_8)
FN:80,(anonymous_9)
FN:84,(anonymous_10)
FN:97,(anonymous_11)
FN:104,(anonymous_12)
FN:112,(anonymous_13)
FN:130,(anonymous_14)
FN:135,(anonymous_15)
FN:137,(anonymous_16)
FN:138,(anonymous_17)
FNF:18
FNH:8
FNDA:3,EventFiltersBar
FNDA:3,(anonymous_1)
FNDA:1,(anonymous_2)
FNDA:0,(anonymous_3)
FNDA:0,(anonymous_4)
FNDA:0,(anonymous_5)
FNDA:0,(anonymous_6)
FNDA:6,(anonymous_7)
FNDA:0,(anonymous_8)
FNDA:3,(anonymous_9)
FNDA:0,(anonymous_10)
FNDA:0,(anonymous_11)
FNDA:0,(anonymous_12)
FNDA:0,(anonymous_13)
FNDA:1,(anonymous_14)
FNDA:1,(anonymous_15)
FNDA:1,(anonymous_16)
FNDA:0,(anonymous_17)
DA:1,1
DA:2,1
DA:3,1
DA:4,1
DA:5,1
DA:6,1
DA:7,1
DA:22,1
DA:29,3
DA:31,3
DA:32,3
DA:33,3
DA:34,3
DA:35,0
DA:36,0
DA:38,3
DA:39,3
DA:40,3
DA:41,3
DA:44,3
DA:46,3
DA:59,6
DA:62,0
DA:81,3
DA:84,0
DA:97,0
DA:104,0
DA:112,0
DA:131,1
DA:136,1
DA:137,1
DA:138,1
DA:139,1
DA:140,1
DA:141,1
LF:35
LH:28
BRDA:35,0,0,0
BRDA:35,0,1,0
BRDA:35,1,0,0
BRDA:35,1,1,0
BRDA:35,2,0,0
BRDA:35,2,1,0
BRDA:35,3,0,0
BRDA:35,3,1,0
BRDA:38,4,0,0
BRDA:38,4,1,3
BRDA:39,5,0,0
BRDA:39,5,1,3
BRDA:40,6,0,0
BRDA:40,6,1,3
BRDA:40,7,0,3
BRDA:40,7,1,3
BRDA:44,8,0,0
BRDA:44,8,1,0
BRDA:96,9,0,0
BRDA:96,9,1,3
BRDA:96,10,0,3
BRDA:96,10,1,3
BRDA:96,11,0,3
BRDA:96,11,1,0
BRDA:96,12,0,3
BRDA:96,12,1,3
BRDA:97,13,0,0
BRDA:97,13,1,0
BRDA:103,14,0,0
BRDA:103,14,1,3
BRDA:103,15,0,3
BRDA:103,15,1,3
BRDA:103,16,0,3
BRDA:103,16,1,0
BRDA:103,17,0,3
BRDA:103,17,1,3
BRDA:104,18,0,0
BRDA:104,18,1,0
BRDA:128,19,0,2
BRDA:128,19,1,1
BRDA:137,20,0,1
BRDA:137,20,1,0
BRDA:138,21,0,0
BRDA:138,21,1,1
BRDA:139,22,0,0
BRDA:139,22,1,1
BRDA:140,23,0,0
BRDA:140,23,1,1
BRDA:141,24,0,0
BRDA:141,24,1,1
BRF:50
BRH:24
end_of_record
TN:
SF:src\components\layout\Navigation.tsx
FN:21,(anonymous_0)
FN:28,(anonymous_1)
FN:31,(anonymous_2)
FN:79,(anonymous_3)
FN:105,(anonymous_4)
FN:117,(anonymous_5)
FN:128,(anonymous_6)
FNF:7
FNH:7
FNDA:4,(anonymous_0)
FNDA:36,(anonymous_1)
FNDA:4,(anonymous_2)
FNDA:18,(anonymous_3)
FNDA:8,(anonymous_4)
FNDA:1,(anonymous_5)
FNDA:18,(anonymous_6)
DA:2,1
DA:3,1
DA:4,1
DA:5,1
DA:17,1
DA:18,1
DA:21,1
DA:22,4
DA:23,4
DA:24,4
DA:26,4
DA:28,36
DA:31,4
DA:32,4
DA:34,3
DA:42,1
DA:48,0
DA:56,0
DA:60,4
DA:62,4
DA:80,18
DA:81,18
DA:105,8
DA:117,1
DA:129,18
DA:130,18
DA:153,1
LF:27
LH:25
BRDA:26,0,0,0
BRDA:26,0,1,4
BRDA:32,1,0,3
BRDA:32,1,1,1
BRDA:32,1,2,0
BRDA:32,1,3,0
BRDA:87,2,0,3
BRDA:87,2,1,15
BRDA:110,3,0,4
BRDA:110,3,1,0
BRDA:136,4,0,3
BRDA:136,4,1,15
BRF:12
BRH:8
end_of_record
TN:
SF:src\components\ui\accordion.tsx
FN:12,(anonymous_10)
FN:20,(anonymous_11)
FN:40,(anonymous_12)
FNF:3
FNH:0
FNDA:0,(anonymous_10)
FNDA:0,(anonymous_11)
FNDA:0,(anonymous_12)
DA:1,0
DA:2,0
DA:3,0
DA:5,0
DA:7,0
DA:9,0
DA:12,0
DA:15,0
DA:17,0
DA:20,0
DA:35,0
DA:37,0
DA:40,0
DA:50,0
DA:52,0
LF:15
LH:0
BRF:0
BRH:0
end_of_record
TN:
SF:src\components\ui\alert-dialog.tsx
FN:16,(anonymous_10)
FN:31,(anonymous_11)
FN:46,(anonymous_12)
FN:51,(anonymous_13)
FN:59,(anonymous_14)
FN:67,(anonymous_15)
FN:75,(anonymous_16)
FN:83,(anonymous_17)
FNF:8
FNH:8
FNDA:8,(anonymous_10)
FNDA:8,(anonymous_11)
FNDA:4,(anonymous_12)
FNDA:4,(anonymous_13)
FNDA:4,(anonymous_14)
FNDA:4,(anonymous_15)
FNDA:4,(anonymous_16)
FNDA:4,(anonymous_17)
DA:1,2
DA:2,2
DA:4,2
DA:5,2
DA:7,2
DA:9,2
DA:11,2
DA:13,2
DA:16,8
DA:26,2
DA:28,2
DA:31,8
DA:44,2
DA:46,4
DA:49,2
DA:51,4
DA:54,2
DA:56,2
DA:59,4
DA:62,2
DA:64,2
DA:67,4
DA:70,2
DA:72,2
DA:75,4
DA:78,2
DA:80,2
DA:83,4
DA:90,2
DA:93,2
DA:94,2
DA:95,2
DA:96,2
DA:97,2
DA:98,2
DA:99,2
DA:100,2
DA:101,2
DA:102,2
DA:103,2
LF:40
LH:40
BRF:0
BRH:0
end_of_record
TN:
SF:src\components\ui\alert.tsx
FN:24,(anonymous_10)
FN:30,(anonymous_11)
FN:37,(anonymous_12)
FNF:3
FNH:0
FNDA:0,(anonymous_10)
FNDA:0,(anonymous_11)
FNDA:0,(anonymous_12)
DA:1,0
DA:2,0
DA:4,0
DA:6,0
DA:21,0
DA:24,0
DA:27,0
DA:29,0
DA:30,0
DA:34,0
DA:36,0
DA:37,0
DA:41,0
DA:43,0
LF:14
LH:0
BRF:0
BRH:0
end_of_record
TN:
SF:src\components\ui\aspect-ratio.tsx
FNF:0
FNH:0
DA:1,0
DA:3,0
DA:5,0
LF:3
LH:0
BRF:0
BRH:0
end_of_record
TN:
SF:src\components\ui\avatar.tsx
FN:9,(anonymous_10)
FN:21,(anonymous_11)
FN:29,(anonymous_12)
FNF:3
FNH:3
FNDA:4,(anonymous_10)
FNDA:4,(anonymous_11)
FNDA:4,(anonymous_12)
DA:1,1
DA:2,1
DA:4,1
DA:6,1
DA:9,4
DA:16,1
DA:18,1
DA:21,4
DA:24,1
DA:26,1
DA:29,4
DA:36,1
DA:38,1
LF:13
LH:13
BRF:0
BRH:0
end_of_record
TN:
SF:src\components\ui\badge.tsx
FN:25,Badge
FNF:1
FNH:1
FNDA:18,Badge
DA:2,3
DA:4,3
DA:6,3
DA:25,18
DA:26,18
DA:29,3
LF:6
LH:6
BRF:0
BRH:0
end_of_record
TN:
SF:src\components\ui\breadcrumb.tsx
FN:12,(anonymous_10)
FN:16,(anonymous_11)
FN:30,(anonymous_12)
FN:41,(anonymous_13)
FN:49,(anonymous_14)
FN:62,(anonymous_15)
FN:69,(anonymous_16)
FNF:7
FNH:0
FNDA:0,(anonymous_10)
FNDA:0,(anonymous_11)
FNDA:0,(anonymous_12)
FNDA:0,(anonymous_13)
FNDA:0,(anonymous_14)
FNDA:0,(anonymous_15)
FNDA:0,(anonymous_16)
DA:1,0
DA:2,0
DA:3,0
DA:5,0
DA:7,0
DA:12,0
DA:13,0
DA:15,0
DA:16,0
DA:27,0
DA:29,0
DA:30,0
DA:34,0
DA:36,0
DA:41,0
DA:42,0
DA:44,0
DA:46,0
DA:48,0
DA:49,0
DA:60,0
DA:62,0
DA:67,0
DA:69,0
DA:80,0
DA:83,0
DA:84,0
DA:85,0
DA:86,0
DA:87,0
DA:88,0
DA:89,0
LF:32
LH:0
BRDA:42,0,0,0
BRDA:42,0,1,0
BRDA:64,1,0,0
BRDA:64,1,1,0
BRDA:64,2,0,0
BRDA:64,2,1,0
BRF:6
BRH:0
end_of_record
TN:
SF:src\components\ui\button.tsx
FN:40,(anonymous_10)
FNF:1
FNH:1
FNDA:67,(anonymous_10)
DA:1,6
DA:2,6
DA:3,6
DA:5,6
DA:7,6
DA:39,6
DA:40,67
DA:41,67
DA:42,67
DA:45,6
DA:47,6
LF:11
LH:11
BRDA:40,0,0,67
BRDA:41,1,0,0
BRDA:41,1,1,67
BRF:3
BRH:2
end_of_record
TN:
SF:src\components\ui\calendar.tsx
FN:10,Calendar
FN:45,(anonymous_2)
FN:46,(anonymous_3)
FNF:3
FNH:0
FNDA:0,Calendar
FNDA:0,(anonymous_2)
FNDA:0,(anonymous_3)
DA:2,0
DA:3,0
DA:5,0
DA:6,0
DA:10,0
DA:11,0
DA:45,0
DA:46,0
DA:52,0
DA:54,0
LF:10
LH:0
BRDA:10,0,0,0
BRF:1
BRH:0
end_of_record
TN:
SF:src\components\ui\card.tsx
FN:5,(anonymous_10)
FN:11,(anonymous_11)
FN:18,(anonymous_12)
FN:25,(anonymous_13)
FN:32,(anonymous_14)
FN:37,(anonymous_15)
FNF:6
FNH:6
FNDA:14,(anonymous_10)
FNDA:14,(anonymous_11)
FNDA:9,(anonymous_12)
FNDA:9,(anonymous_13)
FNDA:14,(anonymous_14)
FNDA:5,(anonymous_15)
DA:1,4
DA:3,4
DA:5,14
DA:8,4
DA:10,4
DA:11,14
DA:15,4
DA:17,4
DA:18,9
DA:22,4
DA:24,4
DA:25,9
DA:29,4
DA:31,4
DA:32,14
DA:34,4
DA:36,4
DA:37,5
DA:41,4
DA:43,4
LF:20
LH:20
BRF:0
BRH:0
end_of_record
TN:
SF:src\components\ui\carousel.tsx
FN:31,useCarousel
FN:42,(anonymous_12)
FN:53,(anonymous_13)
FN:62,(anonymous_14)
FN:66,(anonymous_15)
FN:71,(anonymous_16)
FN:83,(anonymous_17)
FN:91,(anonymous_18)
FN:100,(anonymous_19)
FN:135,(anonymous_20)
FN:152,(anonymous_21)
FN:169,(anonymous_22)
FN:197,(anonymous_23)
FNF:13
FNH:0
FNDA:0,useCarousel
FNDA:0,(anonymous_12)
FNDA:0,(anonymous_13)
FNDA:0,(anonymous_14)
FNDA:0,(anonymous_15)
FNDA:0,(anonymous_16)
FNDA:0,(anonymous_17)
FNDA:0,(anonymous_18)
FNDA:0,(anonymous_19)
FNDA:0,(anonymous_20)
FNDA:0,(anonymous_21)
FNDA:0,(anonymous_22)
FNDA:0,(anonymous_23)
DA:1,0
DA:2,0
DA:3,0
DA:5,0
DA:6,0
DA:29,0
DA:32,0
DA:34,0
DA:35,0
DA:38,0
DA:41,0
DA:42,0
DA:43,0
DA:50,0
DA:51,0
DA:53,0
DA:54,0
DA:55,0
DA:58,0
DA:59,0
DA:62,0
DA:63,0
DA:66,0
DA:67,0
DA:70,0
DA:72,0
DA:73,0
DA:74,0
DA:75,0
DA:76,0
DA:77,0
DA:83,0
DA:84,0
DA:85,0
DA:88,0
DA:91,0
DA:92,0
DA:93,0
DA:96,0
DA:97,0
DA:98,0
DA:100,0
DA:101,0
DA:105,0
DA:132,0
DA:134,0
DA:135,0
DA:136,0
DA:138,0
DA:149,0
DA:151,0
DA:152,0
DA:153,0
DA:155,0
DA:166,0
DA:168,0
DA:169,0
DA:170,0
DA:172,0
DA:194,0
DA:196,0
DA:197,0
DA:198,0
DA:200,0
DA:222,0
DA:224,0
LF:66
LH:0
BRDA:34,0,0,0
BRDA:34,0,1,0
BRDA:42,1,0,0
BRDA:46,2,0,0
BRDA:46,2,1,0
BRDA:54,3,0,0
BRDA:54,3,1,0
BRDA:63,4,0,0
BRDA:63,4,1,0
BRDA:63,5,0,0
BRDA:63,5,1,0
BRDA:67,6,0,0
BRDA:67,6,1,0
BRDA:67,7,0,0
BRDA:67,7,1,0
BRDA:72,8,0,0
BRDA:72,8,1,0
BRDA:75,9,0,0
BRDA:75,9,1,0
BRDA:84,10,0,0
BRDA:84,10,1,0
BRDA:84,11,0,0
BRDA:84,11,1,0
BRDA:92,12,0,0
BRDA:92,12,1,0
BRDA:101,13,0,0
BRDA:101,13,1,0
BRDA:101,14,0,0
BRDA:101,14,1,0
BRDA:111,15,0,0
BRDA:111,15,1,0
BRDA:111,16,0,0
BRDA:111,16,1,0
BRDA:111,17,0,0
BRDA:111,17,1,0
BRDA:111,18,0,0
BRDA:111,18,1,0
BRDA:142,19,0,0
BRDA:142,19,1,0
BRDA:160,20,0,0
BRDA:160,20,1,0
BRDA:169,21,0,0
BRDA:169,22,0,0
BRDA:179,23,0,0
BRDA:179,23,1,0
BRDA:197,24,0,0
BRDA:197,25,0,0
BRDA:207,26,0,0
BRDA:207,26,1,0
BRF:49
BRH:0
end_of_record
TN:
SF:src\components\ui\chart.tsx
FN:22,useChart
FN:38,(anonymous_11)
FN:61,(anonymous_12)
FN:62,(anonymous_13)
FN:73,(anonymous_14)
FN:76,(anonymous_15)
FN:103,(anonymous_16)
FN:123,(anonymous_17)
FN:163,(anonymous_18)
FN:237,(anonymous_19)
FN:249,(anonymous_20)
FN:278,getPayloadConfigFromPayload
FNF:12
FNH:0
FNDA:0,useChart
FNDA:0,(anonymous_11)
FNDA:0,(anonymous_12)
FNDA:0,(anonymous_13)
FNDA:0,(anonymous_14)
FNDA:0,(anonymous_15)
FNDA:0,(anonymous_16)
FNDA:0,(anonymous_17)
FNDA:0,(anonymous_18)
FNDA:0,(anonymous_19)
FNDA:0,(anonymous_20)
FNDA:0,getPayloadConfigFromPayload
DA:1,0
DA:2,0
DA:4,0
DA:7,0
DA:20,0
DA:23,0
DA:25,0
DA:26,0
DA:29,0
DA:32,0
DA:38,0
DA:39,0
DA:40,0
DA:42,0
DA:59,0
DA:61,0
DA:62,0
DA:64,0
DA:65,0
DA:68,0
DA:73,0
DA:77,0
DA:78,0
DA:90,0
DA:92,0
DA:121,0
DA:123,0
DA:124,0
DA:125,0
DA:128,0
DA:129,0
DA:130,0
DA:132,0
DA:136,0
DA:137,0
DA:140,0
DA:141,0
DA:144,0
DA:147,0
DA:148,0
DA:151,0
DA:153,0
DA:164,0
DA:165,0
DA:166,0
DA:168,0
DA:226,0
DA:228,0
DA:230,0
DA:238,0
DA:240,0
DA:241,0
DA:244,0
DA:250,0
DA:251,0
DA:253,0
DA:275,0
DA:279,0
DA:280,0
DA:284,0
DA:288,0
DA:290,0
DA:291,0
DA:292,0
DA:297,0
DA:300,0
DA:303,0
LF:67
LH:0
BRDA:25,0,0,0
BRDA:25,0,1,0
BRDA:40,1,0,0
BRDA:40,1,1,0
BRDA:62,2,0,0
BRDA:62,2,1,0
BRDA:64,3,0,0
BRDA:64,3,1,0
BRDA:77,4,0,0
BRDA:77,4,1,0
BRDA:77,5,0,0
BRDA:77,5,1,0
BRDA:77,6,0,0
BRDA:77,6,1,0
BRDA:78,7,0,0
BRDA:78,7,1,0
BRDA:108,8,0,0
BRDA:109,9,0,0
BRDA:110,10,0,0
BRDA:124,11,0,0
BRDA:124,11,1,0
BRDA:124,12,0,0
BRDA:124,12,1,0
BRDA:124,13,0,0
BRDA:124,13,1,0
BRDA:124,14,0,0
BRDA:124,14,1,0
BRDA:129,15,0,0
BRDA:129,15,1,0
BRDA:129,15,2,0
BRDA:129,15,3,0
BRDA:132,16,0,0
BRDA:132,16,1,0
BRDA:132,17,0,0
BRDA:132,17,1,0
BRDA:133,18,0,0
BRDA:133,18,1,0
BRDA:133,19,0,0
BRDA:133,19,1,0
BRDA:133,20,0,0
BRDA:133,20,1,0
BRDA:134,21,0,0
BRDA:134,21,1,0
BRDA:134,22,0,0
BRDA:134,22,1,0
BRDA:136,23,0,0
BRDA:136,23,1,0
BRDA:140,24,0,0
BRDA:140,24,1,0
BRDA:147,25,0,0
BRDA:147,25,1,0
BRDA:147,26,0,0
BRDA:147,26,1,0
BRDA:147,27,0,0
BRDA:147,27,1,0
BRDA:147,28,0,0
BRDA:147,28,1,0
BRDA:151,29,0,0
BRDA:151,29,1,0
BRDA:161,30,0,0
BRDA:161,30,1,0
BRDA:164,31,0,0
BRDA:164,31,1,0
BRDA:164,31,2,0
BRDA:164,31,3,0
BRDA:166,32,0,0
BRDA:166,32,1,0
BRDA:166,32,2,0
BRDA:173,33,0,0
BRDA:173,33,1,0
BRDA:176,34,0,0
BRDA:176,34,1,0
BRDA:176,35,0,0
BRDA:176,35,1,0
BRDA:176,35,2,0
BRDA:176,36,0,0
BRDA:176,36,1,0
BRDA:176,37,0,0
BRDA:176,37,1,0
BRDA:180,38,0,0
BRDA:180,38,1,0
BRDA:180,39,0,0
BRDA:180,39,1,0
BRDA:180,40,0,0
BRDA:180,40,1,0
BRDA:183,41,0,0
BRDA:183,41,1,0
BRDA:189,42,0,0
BRDA:189,42,1,0
BRDA:203,43,0,0
BRDA:203,43,1,0
BRDA:207,44,0,0
BRDA:207,44,1,0
BRDA:208,45,0,0
BRDA:208,45,1,0
BRDA:208,46,0,0
BRDA:208,46,1,0
BRDA:208,47,0,0
BRDA:208,47,1,0
BRDA:210,48,0,0
BRDA:210,48,1,0
BRDA:237,49,0,0
BRDA:237,50,0,0
BRDA:240,51,0,0
BRDA:240,51,1,0
BRDA:240,52,0,0
BRDA:240,52,1,0
BRDA:240,53,0,0
BRDA:240,53,1,0
BRDA:247,54,0,0
BRDA:247,54,1,0
BRDA:250,55,0,0
BRDA:250,55,1,0
BRDA:250,55,2,0
BRDA:258,56,0,0
BRDA:258,56,1,0
BRDA:258,57,0,0
BRDA:258,57,1,0
BRDA:258,58,0,0
BRDA:258,58,1,0
BRDA:258,59,0,0
BRDA:258,59,1,0
BRDA:268,60,0,0
BRDA:268,60,1,0
BRDA:268,61,0,0
BRDA:268,61,1,0
BRDA:279,62,0,0
BRDA:279,62,1,0
BRDA:279,63,0,0
BRDA:279,63,1,0
BRDA:284,64,0,0
BRDA:284,64,1,0
BRDA:284,65,0,0
BRDA:284,65,1,0
BRDA:284,65,2,0
BRDA:290,66,0,0
BRDA:290,66,1,0
BRDA:290,67,0,0
BRDA:290,67,1,0
BRDA:292,68,0,0
BRDA:292,68,1,0
BRDA:293,69,0,0
BRDA:293,69,1,0
BRDA:293,69,2,0
BRDA:300,70,0,0
BRDA:300,70,1,0
BRF:146
BRH:0
end_of_record
TN:
SF:src\components\ui\checkbox.tsx
FN:10,(anonymous_10)
FNF:1
FNH:0
FNDA:0,(anonymous_10)
DA:1,1
DA:2,1
DA:3,1
DA:5,1
DA:7,1
DA:10,0
DA:24,1
DA:26,1
LF:8
LH:7
BRF:0
BRH:0
end_of_record
TN:
SF:src\components\ui\collapsible.tsx
FNF:0
FNH:0
DA:1,0
DA:3,0
DA:5,0
DA:7,0
DA:9,0
LF:5
LH:0
BRF:0
BRH:0
end_of_record
TN:
SF:src\components\ui\command.tsx
FN:12,(anonymous_10)
FN:26,(anonymous_11)
FN:41,(anonymous_12)
FN:60,(anonymous_13)
FN:73,(anonymous_14)
FN:80,(anonymous_15)
FN:96,(anonymous_16)
FN:104,(anonymous_17)
FN:117,(anonymous_18)
FNF:9
FNH:0
FNDA:0,(anonymous_10)
FNDA:0,(anonymous_11)
FNDA:0,(anonymous_12)
FNDA:0,(anonymous_13)
FNDA:0,(anonymous_14)
FNDA:0,(anonymous_15)
FNDA:0,(anonymous_16)
FNDA:0,(anonymous_17)
FNDA:0,(anonymous_18)
DA:1,0
DA:3,0
DA:4,0
DA:6,0
DA:7,0
DA:9,0
DA:12,0
DA:22,0
DA:26,0
DA:27,0
DA:38,0
DA:41,0
DA:55,0
DA:57,0
DA:60,0
DA:68,0
DA:70,0
DA:73,0
DA:75,0
DA:77,0
DA:80,0
DA:91,0
DA:93,0
DA:96,0
DA:99,0
DA:101,0
DA:104,0
DA:115,0
DA:117,0
DA:118,0
DA:120,0
DA:123,0
DA:124,0
DA:125,0
DA:126,0
DA:127,0
DA:128,0
DA:129,0
DA:130,0
DA:131,0
LF:40
LH:0
BRF:0
BRH:0
end_of_record
TN:
SF:src\components\ui\context-menu.tsx
FN:24,(anonymous_10)
FN:43,(anonymous_11)
FN:58,(anonymous_12)
FN:77,(anonymous_13)
FN:93,(anonymous_14)
FN:116,(anonymous_15)
FN:140,(anonymous_16)
FN:152,(anonymous_17)
FN:157,(anonymous_18)
FNF:9
FNH:0
FNDA:0,(anonymous_10)
FNDA:0,(anonymous_11)
FNDA:0,(anonymous_12)
FNDA:0,(anonymous_13)
FNDA:0,(anonymous_14)
FNDA:0,(anonymous_15)
FNDA:0,(anonymous_16)
FNDA:0,(anonymous_17)
FNDA:0,(anonymous_18)
DA:1,0
DA:2,0
DA:3,0
DA:5,0
DA:7,0
DA:9,0
DA:11,0
DA:13,0
DA:15,0
DA:17,0
DA:19,0
DA:24,0
DA:38,0
DA:40,0
DA:43,0
DA:53,0
DA:55,0
DA:58,0
DA:70,0
DA:72,0
DA:77,0
DA:88,0
DA:90,0
DA:93,0
DA:111,0
DA:113,0
DA:116,0
DA:133,0
DA:135,0
DA:140,0
DA:147,0
DA:149,0
DA:152,0
DA:155,0
DA:157,0
DA:158,0
DA:160,0
DA:163,0
DA:164,0
DA:165,0
DA:166,0
DA:167,0
DA:168,0
DA:169,0
DA:170,0
DA:171,0
DA:172,0
DA:173,0
DA:174,0
DA:175,0
DA:176,0
DA:177,0
LF:52
LH:0
BRDA:29,0,0,0
BRDA:29,0,1,0
BRDA:82,1,0,0
BRDA:82,1,1,0
BRDA:143,2,0,0
BRDA:143,2,1,0
BRF:6
BRH:0
end_of_record
TN:
SF:src\components\ui\dialog.tsx
FN:18,(anonymous_10)
FN:33,(anonymous_11)
FN:54,(anonymous_12)
FN:59,(anonymous_13)
FN:67,(anonymous_14)
FN:79,(anonymous_15)
FNF:6
FNH:6
FNDA:13,(anonymous_10)
FNDA:10,(anonymous_11)
FNDA:10,(anonymous_12)
FNDA:10,(anonymous_13)
FNDA:10,(anonymous_14)
FNDA:10,(anonymous_15)
DA:1,1
DA:2,1
DA:3,1
DA:5,1
DA:7,1
DA:9,1
DA:11,1
DA:13,1
DA:15,1
DA:18,13
DA:28,1
DA:30,1
DA:33,10
DA:52,1
DA:54,10
DA:57,1
DA:59,10
DA:62,1
DA:64,1
DA:67,10
DA:74,1
DA:76,1
DA:79,10
DA:82,1
DA:85,1
DA:86,1
DA:87,1
DA:88,1
DA:89,1
DA:90,1
DA:91,1
DA:92,1
DA:93,1
DA:94,1
LF:34
LH:34
BRF:0
BRH:0
end_of_record
TN:
SF:src\components\ui\drawer.tsx
FN:6,(anonymous_10)
FN:20,(anonymous_11)
FN:28,(anonymous_12)
FN:46,(anonymous_13)
FN:51,(anonymous_14)
FN:59,(anonymous_15)
FN:71,(anonymous_16)
FNF:7
FNH:0
FNDA:0,(anonymous_10)
FNDA:0,(anonymous_11)
FNDA:0,(anonymous_12)
FNDA:0,(anonymous_13)
FNDA:0,(anonymous_14)
FNDA:0,(anonymous_15)
FNDA:0,(anonymous_16)
DA:1,0
DA:2,0
DA:4,0
DA:6,0
DA:9,0
DA:11,0
DA:13,0
DA:15,0
DA:17,0
DA:20,0
DA:23,0
DA:25,0
DA:28,0
DA:44,0
DA:46,0
DA:49,0
DA:51,0
DA:54,0
DA:56,0
DA:59,0
DA:66,0
DA:68,0
DA:71,0
DA:74,0
DA:77,0
DA:78,0
DA:79,0
DA:80,0
DA:81,0
DA:82,0
DA:83,0
DA:84,0
DA:85,0
DA:86,0
LF:34
LH:0
BRDA:6,0,0,0
BRF:1
BRH:0
end_of_record
TN:
SF:src\components\ui\dropdown-menu.tsx
FN:24,(anonymous_10)
FN:43,(anonymous_11)
FN:58,(anonymous_12)
FN:78,(anonymous_13)
FN:94,(anonymous_14)
FN:117,(anonymous_15)
FN:141,(anonymous_16)
FN:153,(anonymous_17)
FN:158,(anonymous_18)
FNF:9
FNH:0
FNDA:0,(anonymous_10)
FNDA:0,(anonymous_11)
FNDA:0,(anonymous_12)
FNDA:0,(anonymous_13)
FNDA:0,(anonymous_14)
FNDA:0,(anonymous_15)
FNDA:0,(anonymous_16)
FNDA:0,(anonymous_17)
FNDA:0,(anonymous_18)
DA:1,0
DA:2,0
DA:3,0
DA:5,0
DA:7,0
DA:9,0
DA:11,0
DA:13,0
DA:15,0
DA:17,0
DA:19,0
DA:24,0
DA:38,0
DA:40,0
DA:43,0
DA:53,0
DA:55,0
DA:58,0
DA:71,0
DA:73,0
DA:78,0
DA:89,0
DA:91,0
DA:94,0
DA:112,0
DA:114,0
DA:117,0
DA:134,0
DA:136,0
DA:141,0
DA:148,0
DA:150,0
DA:153,0
DA:156,0
DA:158,0
DA:159,0
DA:161,0
DA:164,0
DA:165,0
DA:166,0
DA:167,0
DA:168,0
DA:169,0
DA:170,0
DA:171,0
DA:172,0
DA:173,0
DA:174,0
DA:175,0
DA:176,0
DA:177,0
DA:178,0
LF:52
LH:0
BRDA:29,0,0,0
BRDA:29,0,1,0
BRDA:58,1,0,0
BRDA:83,2,0,0
BRDA:83,2,1,0
BRDA:144,3,0,0
BRDA:144,3,1,0
BRF:7
BRH:0
end_of_record
TN:
SF:src\components\ui\form.tsx
FN:20,(anonymous_10)
FN:33,(anonymous_11)
FN:63,(anonymous_12)
FN:78,(anonymous_13)
FN:86,(anonymous_14)
FN:103,(anonymous_15)
FN:112,(anonymous_16)
FNF:7
FNH:0
FNDA:0,(anonymous_10)
FNDA:0,(anonymous_11)
FNDA:0,(anonymous_12)
FNDA:0,(anonymous_13)
FNDA:0,(anonymous_14)
FNDA:0,(anonymous_15)
FNDA:0,(anonymous_16)
DA:1,0
DA:3,0
DA:4,0
DA:6,0
DA:7,0
DA:9,0
DA:18,0
DA:20,0
DA:24,0
DA:26,0
DA:33,0
DA:34,0
DA:35,0
DA:36,0
DA:38,0
DA:40,0
DA:41,0
DA:44,0
DA:46,0
DA:60,0
DA:62,0
DA:63,0
DA:64,0
DA:66,0
DA:73,0
DA:75,0
DA:78,0
DA:79,0
DA:81,0
DA:83,0
DA:85,0
DA:86,0
DA:87,0
DA:89,0
DA:100,0
DA:102,0
DA:103,0
DA:104,0
DA:106,0
DA:109,0
DA:111,0
DA:112,0
DA:113,0
DA:114,0
DA:116,0
DA:117,0
DA:120,0
DA:127,0
DA:129,0
LF:49
LH:0
BRDA:40,0,0,0
BRDA:40,0,1,0
BRDA:81,1,0,0
BRDA:81,1,1,0
BRDA:93,2,0,0
BRDA:93,2,1,0
BRDA:114,3,0,0
BRDA:114,3,1,0
BRDA:114,4,0,0
BRDA:114,4,1,0
BRDA:114,5,0,0
BRDA:114,5,1,0
BRDA:116,6,0,0
BRDA:116,6,1,0
BRF:14
BRH:0
end_of_record
TN:
SF:src\components\ui\hover-card.tsx
FN:13,(anonymous_10)
FNF:1
FNH:0
FNDA:0,(anonymous_10)
DA:1,0
DA:2,0
DA:4,0
DA:6,0
DA:8,0
DA:10,0
DA:13,0
DA:25,0
DA:27,0
LF:9
LH:0
BRDA:13,0,0,0
BRDA:13,1,0,0
BRF:2
BRH:0
end_of_record
TN:
SF:src\components\ui\input-otp.tsx
FN:8,(anonymous_10)
FN:20,(anonymous_11)
FN:27,(anonymous_12)
FN:53,(anonymous_13)
FNF:4
FNH:0
FNDA:0,(anonymous_10)
FNDA:0,(anonymous_11)
FNDA:0,(anonymous_12)
FNDA:0,(anonymous_13)
DA:1,0
DA:2,0
DA:3,0
DA:5,0
DA:7,0
DA:8,0
DA:17,0
DA:19,0
DA:20,0
DA:22,0
DA:24,0
DA:27,0
DA:28,0
DA:29,0
DA:31,0
DA:50,0
DA:52,0
DA:53,0
DA:59,0
DA:61,0
LF:20
LH:0
BRDA:36,0,0,0
BRDA:36,0,1,0
BRDA:42,1,0,0
BRDA:42,1,1,0
BRF:4
BRH:0
end_of_record
TN:
SF:src\components\ui\input.tsx
FN:6,(anonymous_10)
FNF:1
FNH:1
FNDA:87,(anonymous_10)
DA:1,4
DA:3,4
DA:5,4
DA:6,87
DA:7,87
DA:20,4
DA:22,4
LF:7
LH:7
BRF:0
BRH:0
end_of_record
TN:
SF:src\components\ui\label.tsx
FN:12,(anonymous_10)
FNF:1
FNH:1
FNDA:107,(anonymous_10)
DA:1,4
DA:2,4
DA:3,4
DA:5,4
DA:7,4
DA:9,4
DA:12,107
DA:15,4
DA:17,4
LF:9
LH:9
BRF:0
BRH:0
end_of_record
TN:
SF:src\components\ui\menubar.tsx
FN:20,(anonymous_10)
FN:32,(anonymous_11)
FN:49,(anonymous_12)
FN:68,(anonymous_13)
FN:83,(anonymous_14)
FN:105,(anonymous_15)
FN:121,(anonymous_16)
FN:144,(anonymous_17)
FN:168,(anonymous_18)
FN:180,(anonymous_19)
FN:185,(anonymous_20)
FNF:11
FNH:0
FNDA:0,(anonymous_10)
FNDA:0,(anonymous_11)
FNDA:0,(anonymous_12)
FNDA:0,(anonymous_13)
FNDA:0,(anonymous_14)
FNDA:0,(anonymous_15)
FNDA:0,(anonymous_16)
FNDA:0,(anonymous_17)
FNDA:0,(anonymous_18)
FNDA:0,(anonymous_19)
FNDA:0,(anonymous_20)
DA:1,0
DA:2,0
DA:3,0
DA:5,0
DA:7,0
DA:9,0
DA:11,0
DA:13,0
DA:15,0
DA:17,0
DA:20,0
DA:27,0
DA:29,0
DA:32,0
DA:42,0
DA:44,0
DA:49,0
DA:63,0
DA:65,0
DA:68,0
DA:78,0
DA:80,0
DA:83,0
DA:98,0
DA:100,0
DA:105,0
DA:116,0
DA:118,0
DA:121,0
DA:139,0
DA:141,0
DA:144,0
DA:161,0
DA:163,0
DA:168,0
DA:175,0
DA:177,0
DA:180,0
DA:183,0
DA:185,0
DA:186,0
DA:188,0
DA:191,0
DA:192,0
DA:193,0
DA:194,0
DA:195,0
DA:196,0
DA:197,0
DA:198,0
DA:199,0
DA:200,0
DA:201,0
DA:202,0
DA:203,0
DA:204,0
DA:205,0
DA:206,0
LF:58
LH:0
BRDA:54,0,0,0
BRDA:54,0,1,0
BRDA:83,1,0,0
BRDA:83,2,0,0
BRDA:83,3,0,0
BRDA:110,4,0,0
BRDA:110,4,1,0
BRDA:171,5,0,0
BRDA:171,5,1,0
BRF:9
BRH:0
end_of_record
TN:
SF:src\components\ui\navigation-menu.tsx
FN:11,(anonymous_10)
FN:26,(anonymous_11)
FN:44,(anonymous_12)
FN:62,(anonymous_13)
FN:79,(anonymous_14)
FN:96,(anonymous_15)
FNF:6
FNH:0
FNDA:0,(anonymous_10)
FNDA:0,(anonymous_11)
FNDA:0,(anonymous_12)
FNDA:0,(anonymous_13)
FNDA:0,(anonymous_14)
FNDA:0,(anonymous_15)
DA:1,0
DA:2,0
DA:3,0
DA:4,0
DA:6,0
DA:8,0
DA:11,0
DA:21,0
DA:23,0
DA:26,0
DA:33,0
DA:35,0
DA:37,0
DA:41,0
DA:44,0
DA:57,0
DA:59,0
DA:62,0
DA:72,0
DA:74,0
DA:76,0
DA:79,0
DA:91,0
DA:93,0
DA:96,0
DA:108,0
DA:111,0
DA:112,0
DA:113,0
DA:114,0
DA:115,0
DA:116,0
DA:117,0
DA:118,0
DA:119,0
LF:35
LH:0
BRF:0
BRH:0
end_of_record
TN:
SF:src\components\ui\pagination.tsx
FN:7,(anonymous_10)
FN:18,(anonymous_11)
FN:24,(anonymous_12)
FN:34,(anonymous_13)
FN:49,(anonymous_14)
FN:57,(anonymous_15)
FN:65,(anonymous_16)
FNF:7
FNH:0
FNDA:0,(anonymous_10)
FNDA:0,(anonymous_11)
FNDA:0,(anonymous_12)
FNDA:0,(anonymous_13)
FNDA:0,(anonymous_14)
FNDA:0,(anonymous_15)
FNDA:0,(anonymous_16)
DA:1,0
DA:2,0
DA:4,0
DA:5,0
DA:7,0
DA:15,0
DA:17,0
DA:18,0
DA:22,0
DA:24,0
DA:27,0
DA:34,0
DA:47,0
DA:49,0
DA:55,0
DA:57,0
DA:63,0
DA:65,0
DA:71,0
DA:74,0
DA:75,0
DA:76,0
DA:77,0
DA:78,0
DA:79,0
DA:80,0
LF:26
LH:0
BRDA:34,0,0,0
BRDA:36,1,0,0
BRDA:36,1,1,0
BRDA:39,2,0,0
BRDA:39,2,1,0
BRF:5
BRH:0
end_of_record
TN:
SF:src\components\ui\popover.tsx
FN:13,(anonymous_10)
FNF:1
FNH:1
FNDA:6,(anonymous_10)
DA:1,1
DA:2,1
DA:4,1
DA:6,1
DA:8,1
DA:10,1
DA:13,6
DA:27,1
DA:29,1
LF:9
LH:9
BRDA:13,0,0,6
BRDA:13,1,0,6
BRF:2
BRH:2
end_of_record
TN:
SF:src\components\ui\progress.tsx
FN:9,(anonymous_10)
FNF:1
FNH:0
FNDA:0,(anonymous_10)
DA:1,0
DA:2,0
DA:4,0
DA:6,0
DA:9,0
DA:21,0
DA:23,0
LF:7
LH:0
BRDA:17,0,0,0
BRDA:17,0,1,0
BRF:2
BRH:0
end_of_record
TN:
SF:src\components\ui\radio-group.tsx
FN:10,(anonymous_10)
FN:18,(anonymous_11)
FNF:2
FNH:0
FNDA:0,(anonymous_10)
FNDA:0,(anonymous_11)
DA:1,0
DA:2,0
DA:3,0
DA:5,0
DA:7,0
DA:10,0
DA:11,0
DA:13,0
DA:15,0
DA:18,0
DA:19,0
DA:34,0
DA:36,0
LF:13
LH:0
BRF:0
BRH:0
end_of_record
TN:
SF:src\components\ui\resizable.tsx
FN:6,(anonymous_10)
FN:15,(anonymous_11)
FNF:2
FNH:0
FNDA:0,(anonymous_10)
FNDA:0,(anonymous_11)
DA:1,0
DA:2,0
DA:4,0
DA:6,0
DA:13,0
DA:15,0
DA:17,0
DA:18,0
DA:21,0
DA:37,0
LF:10
LH:0
BRDA:29,0,0,0
BRDA:29,0,1,0
BRF:2
BRH:0
end_of_record
TN:
SF:src\components\ui\scroll-area.tsx
FN:9,(anonymous_10)
FN:21,(anonymous_11)
FNF:2
FNH:0
FNDA:0,(anonymous_10)
FNDA:0,(anonymous_11)
DA:1,0
DA:2,0
DA:4,0
DA:6,0
DA:9,0
DA:16,0
DA:18,0
DA:21,0
DA:36,0
DA:38,0
LF:10
LH:0
BRDA:21,0,0,0
BRDA:27,1,0,0
BRDA:27,1,1,0
BRDA:28,2,0,0
BRDA:28,2,1,0
BRF:5
BRH:0
end_of_record
TN:
SF:src\components\ui\select.tsx
FN:16,(anonymous_10)
FN:36,(anonymous_11)
FN:50,(anonymous_12)
FN:64,(anonymous_13)
FN:96,(anonymous_14)
FN:104,(anonymous_15)
FN:127,(anonymous_16)
FNF:7
FNH:5
FNDA:10,(anonymous_10)
FNDA:10,(anonymous_11)
FNDA:10,(anonymous_12)
FNDA:10,(anonymous_13)
FNDA:0,(anonymous_14)
FNDA:70,(anonymous_15)
FNDA:0,(anonymous_16)
DA:1,1
DA:2,1
DA:3,1
DA:5,1
DA:7,1
DA:9,1
DA:11,1
DA:13,1
DA:16,10
DA:31,1
DA:33,1
DA:36,10
DA:45,1
DA:47,1
DA:50,10
DA:59,1
DA:61,1
DA:64,10
DA:91,1
DA:93,1
DA:96,0
DA:99,1
DA:101,1
DA:104,70
DA:122,1
DA:124,1
DA:127,0
DA:130,1
DA:133,1
DA:134,1
DA:135,1
DA:136,1
DA:137,1
DA:138,1
DA:139,1
DA:140,1
DA:141,1
DA:142,1
LF:38
LH:36
BRDA:64,0,0,10
BRDA:70,1,0,10
BRDA:70,1,1,10
BRDA:81,2,0,10
BRDA:81,2,1,10
BRF:5
BRH:5
end_of_record
TN:
SF:src\components\ui\separator.tsx
FN:9,(anonymous_10)
FNF:1
FNH:0
FNDA:0,(anonymous_10)
DA:1,0
DA:2,0
DA:4,0
DA:6,0
DA:9,0
DA:18,0
DA:20,0
LF:7
LH:0
BRDA:9,0,0,0
BRDA:9,1,0,0
BRDA:14,2,0,0
BRDA:14,2,1,0
BRF:4
BRH:0
end_of_record
TN:
SF:src\components\ui\sheet.tsx
FN:19,(anonymous_10)
FN:55,(anonymous_11)
FN:70,(anonymous_12)
FN:75,(anonymous_13)
FN:83,(anonymous_14)
FN:91,(anonymous_15)
FNF:6
FNH:0
FNDA:0,(anonymous_10)
FNDA:0,(anonymous_11)
FNDA:0,(anonymous_12)
FNDA:0,(anonymous_13)
FNDA:0,(anonymous_14)
FNDA:0,(anonymous_15)
DA:1,0
DA:2,0
DA:3,0
DA:4,0
DA:6,0
DA:8,0
DA:10,0
DA:12,0
DA:14,0
DA:16,0
DA:19,0
DA:29,0
DA:31,0
DA:54,0
DA:55,0
DA:68,0
DA:70,0
DA:73,0
DA:75,0
DA:78,0
DA:80,0
DA:83,0
DA:86,0
DA:88,0
DA:91,0
DA:94,0
DA:97,0
DA:98,0
DA:99,0
DA:100,0
DA:101,0
DA:102,0
DA:103,0
DA:104,0
DA:105,0
DA:106,0
LF:36
LH:0
BRDA:55,0,0,0
BRF:1
BRH:0
end_of_record
TN:
SF:src\components\ui\sidebar.tsx
FN:34,useSidebar
FN:50,(anonymous_11)
FN:59,(anonymous_12)
FN:74,(anonymous_13)
FN:75,(anonymous_14)
FN:75,(anonymous_15)
FN:79,(anonymous_16)
FN:80,(anonymous_17)
FN:88,(anonymous_18)
FN:96,(anonymous_19)
FN:138,(anonymous_20)
FN:220,(anonymous_21)
FN:230,(anonymous_22)
FN:245,(anonymous_23)
FN:272,(anonymous_24)
FN:288,(anonymous_25)
FN:304,(anonymous_26)
FN:309,(anonymous_27)
FN:315,(anonymous_28)
FN:328,(anonymous_29)
FN:343,(anonymous_30)
FN:356,(anonymous_31)
FN:376,(anonymous_32)
FN:398,(anonymous_33)
FN:404,(anonymous_34)
FN:409,(anonymous_35)
FN:443,(anonymous_36)
FN:483,(anonymous_37)
FN:509,(anonymous_38)
FN:533,(anonymous_39)
FN:535,(anonymous_40)
FN:562,(anonymous_41)
FN:577,(anonymous_42)
FN:589,(anonymous_43)
FNF:34
FNH:0
FNDA:0,useSidebar
FNDA:0,(anonymous_11)
FNDA:0,(anonymous_12)
FNDA:0,(anonymous_13)
FNDA:0,(anonymous_14)
FNDA:0,(anonymous_15)
FNDA:0,(anonymous_16)
FNDA:0,(anonymous_17)
FNDA:0,(anonymous_18)
FNDA:0,(anonymous_19)
FNDA:0,(anonymous_20)
FNDA:0,(anonymous_21)
FNDA:0,(anonymous_22)
FNDA:0,(anonymous_23)
FNDA:0,(anonymous_24)
FNDA:0,(anonymous_25)
FNDA:0,(anonymous_26)
FNDA:0,(anonymous_27)
FNDA:0,(anonymous_28)
FNDA:0,(anonymous_29)
FNDA:0,(anonymous_30)
FNDA:0,(anonymous_31)
FNDA:0,(anonymous_32)
FNDA:0,(anonymous_33)
FNDA:0,(anonymous_34)
FNDA:0,(anonymous_35)
FNDA:0,(anonymous_36)
FNDA:0,(anonymous_37)
FNDA:0,(anonymous_38)
FNDA:0,(anonymous_39)
FNDA:0,(anonymous_40)
FNDA:0,(anonymous_41)
FNDA:0,(anonymous_42)
FNDA:0,(anonymous_43)
DA:1,0
DA:2,0
DA:3,0
DA:4,0
DA:6,0
DA:7,0
DA:8,0
DA:9,0
DA:10,0
DA:11,0
DA:12,0
DA:13,0
DA:15,0
DA:16,0
DA:17,0
DA:18,0
DA:19,0
DA:20,0
DA:32,0
DA:35,0
DA:36,0
DA:37,0
DA:40,0
DA:43,0
DA:50,0
DA:51,0
DA:52,0
DA:56,0
DA:57,0
DA:58,0
DA:60,0
DA:61,0
DA:62,0
DA:64,0
DA:68,0
DA:74,0
DA:75,0
DA:79,0
DA:80,0
DA:81,0
DA:82,0
DA:83,0
DA:87,0
DA:88,0
DA:93,0
DA:95,0
DA:96,0
DA:108,0
DA:129,0
DA:131,0
DA:138,0
DA:139,0
DA:141,0
DA:142,0
DA:153,0
DA:154,0
DA:173,0
DA:217,0
DA:219,0
DA:220,0
DA:221,0
DA:223,0
DA:231,0
DA:232,0
DA:242,0
DA:244,0
DA:245,0
DA:246,0
DA:248,0
DA:270,0
DA:272,0
DA:273,0
DA:285,0
DA:287,0
DA:288,0
DA:289,0
DA:302,0
DA:304,0
DA:305,0
DA:307,0
DA:309,0
DA:310,0
DA:312,0
DA:314,0
DA:315,0
DA:316,0
DA:326,0
DA:328,0
DA:329,0
DA:341,0
DA:343,0
DA:344,0
DA:353,0
DA:355,0
DA:356,0
DA:357,0
DA:359,0
DA:373,0
DA:375,0
DA:376,0
DA:377,0
DA:379,0
DA:395,0
DA:397,0
DA:398,0
DA:402,0
DA:404,0
DA:407,0
DA:409,0
DA:412,0
DA:414,0
DA:436,0
DA:443,0
DA:444,0
DA:445,0
DA:448,0
DA:458,0
DA:459,0
DA:462,0
DA:463,0
DA:468,0
DA:475,0
DA:477,0
DA:483,0
DA:484,0
DA:486,0
DA:506,0
DA:508,0
DA:509,0
DA:526,0
DA:528,0
DA:533,0
DA:535,0
DA:536,0
DA:539,0
DA:559,0
DA:561,0
DA:562,0
DA:575,0
DA:577,0
DA:580,0
DA:582,0
DA:589,0
DA:590,0
DA:592,0
DA:610,0
DA:613,0
DA:614,0
DA:615,0
DA:616,0
DA:617,0
DA:618,0
DA:619,0
DA:620,0
DA:621,0
DA:622,0
DA:623,0
DA:624,0
DA:625,0
DA:626,0
DA:627,0
DA:628,0
DA:629,0
DA:630,0
DA:631,0
DA:632,0
DA:633,0
DA:634,0
DA:635,0
DA:636,0
LF:170
LH:0
BRDA:36,0,0,0
BRDA:36,0,1,0
BRDA:50,1,0,0
BRDA:57,2,0,0
BRDA:57,2,1,0
BRDA:57,3,0,0
BRDA:57,3,1,0
BRDA:60,4,0,0
BRDA:60,4,1,0
BRDA:61,5,0,0
BRDA:61,5,1,0
BRDA:75,6,0,0
BRDA:75,6,1,0
BRDA:81,7,0,0
BRDA:81,7,1,0
BRDA:81,8,0,0
BRDA:81,8,1,0
BRDA:81,8,2,0
BRDA:93,9,0,0
BRDA:93,9,1,0
BRDA:138,10,0,0
BRDA:138,11,0,0
BRDA:138,12,0,0
BRDA:141,13,0,0
BRDA:141,13,1,0
BRDA:153,14,0,0
BRDA:153,14,1,0
BRDA:178,15,0,0
BRDA:178,15,1,0
BRDA:188,16,0,0
BRDA:188,16,1,0
BRDA:188,17,0,0
BRDA:188,17,1,0
BRDA:196,18,0,0
BRDA:196,18,1,0
BRDA:200,19,0,0
BRDA:200,19,1,0
BRDA:200,20,0,0
BRDA:200,20,1,0
BRDA:231,21,0,0
BRDA:231,21,1,0
BRDA:231,22,0,0
BRDA:231,22,1,0
BRDA:356,23,0,0
BRDA:357,24,0,0
BRDA:357,24,1,0
BRDA:376,25,0,0
BRDA:377,26,0,0
BRDA:377,26,1,0
BRDA:443,27,0,0
BRDA:443,28,0,0
BRDA:443,29,0,0
BRDA:443,30,0,0
BRDA:444,31,0,0
BRDA:444,31,1,0
BRDA:458,32,0,0
BRDA:458,32,1,0
BRDA:462,33,0,0
BRDA:462,33,1,0
BRDA:471,34,0,0
BRDA:471,34,1,0
BRDA:483,35,0,0
BRDA:483,36,0,0
BRDA:484,37,0,0
BRDA:484,37,1,0
BRDA:498,38,0,0
BRDA:498,38,1,0
BRDA:533,39,0,0
BRDA:546,40,0,0
BRDA:546,40,1,0
BRDA:589,41,0,0
BRDA:589,42,0,0
BRDA:590,43,0,0
BRDA:590,43,1,0
BRDA:601,44,0,0
BRDA:601,44,1,0
BRDA:602,45,0,0
BRDA:602,45,1,0
BRF:78
BRH:0
end_of_record
TN:
SF:src\components\ui\skeleton.tsx
FN:3,Skeleton
FNF:1
FNH:0
FNDA:0,Skeleton
DA:1,0
DA:3,0
DA:4,0
DA:7,0
LF:4
LH:0
BRF:0
BRH:0
end_of_record
TN:
SF:src\components\ui\slider.tsx
FN:9,(anonymous_10)
FNF:1
FNH:0
FNDA:0,(anonymous_10)
DA:1,0
DA:2,0
DA:4,0
DA:6,0
DA:9,0
DA:21,0
DA:23,0
LF:7
LH:0
BRF:0
BRH:0
end_of_record
TN:
SF:src\components\ui\sonner.tsx
FN:27,(anonymous_1)
FN:6,(anonymous_2)
FNF:2
FNH:0
FNDA:0,(anonymous_1)
FNDA:0,(anonymous_2)
DA:1,0
DA:2,0
DA:6,0
DA:7,0
DA:9,0
DA:27,0
LF:6
LH:0
BRDA:7,0,0,0
BRF:1
BRH:0
end_of_record
TN:
SF:src\components\ui\switch.tsx
FN:9,(anonymous_10)
FNF:1
FNH:0
FNDA:0,(anonymous_10)
DA:1,0
DA:2,0
DA:4,0
DA:6,0
DA:9,0
DA:25,0
DA:27,0
LF:7
LH:0
BRF:0
BRH:0
end_of_record
TN:
SF:src\components\ui\table.tsx
FN:6,(anonymous_10)
FN:15,(anonymous_11)
FN:20,(anonymous_12)
FN:27,(anonymous_13)
FN:34,(anonymous_14)
FN:45,(anonymous_15)
FN:59,(anonymous_16)
FN:66,(anonymous_17)
FNF:8
FNH:0
FNDA:0,(anonymous_10)
FNDA:0,(anonymous_11)
FNDA:0,(anonymous_12)
FNDA:0,(anonymous_13)
FNDA:0,(anonymous_14)
FNDA:0,(anonymous_15)
FNDA:0,(anonymous_16)
FNDA:0,(anonymous_17)
DA:1,0
DA:3,0
DA:5,0
DA:6,0
DA:12,0
DA:14,0
DA:15,0
DA:17,0
DA:19,0
DA:20,0
DA:24,0
DA:26,0
DA:27,0
DA:31,0
DA:33,0
DA:34,0
DA:42,0
DA:44,0
DA:45,0
DA:56,0
DA:58,0
DA:59,0
DA:63,0
DA:65,0
DA:66,0
DA:70,0
DA:72,0
LF:27
LH:0
BRF:0
BRH:0
end_of_record
TN:
SF:src\components\ui\tabs.tsx
FN:11,(anonymous_10)
FN:26,(anonymous_11)
FN:41,(anonymous_12)
FNF:3
FNH:0
FNDA:0,(anonymous_10)
FNDA:0,(anonymous_11)
FNDA:0,(anonymous_12)
DA:1,0
DA:2,0
DA:4,0
DA:6,0
DA:8,0
DA:11,0
DA:21,0
DA:23,0
DA:26,0
DA:36,0
DA:38,0
DA:41,0
DA:51,0
DA:53,0
LF:14
LH:0
BRF:0
BRH:0
end_of_record
TN:
SF:src\components\ui\textarea.tsx
FN:7,(anonymous_10)
FNF:1
FNH:1
FNDA:10,(anonymous_10)
DA:1,1
DA:3,1
DA:7,10
DA:8,10
DA:19,1
DA:21,1
LF:6
LH:6
BRF:0
BRH:0
end_of_record
TN:
SF:src\components\ui\toast.tsx
FN:13,(anonymous_10)
FN:43,(anonymous_11)
FN:51,(anonymous_12)
FN:66,(anonymous_13)
FN:84,(anonymous_14)
FN:92,(anonymous_15)
FNF:6
FNH:0
FNDA:0,(anonymous_10)
FNDA:0,(anonymous_11)
FNDA:0,(anonymous_12)
FNDA:0,(anonymous_13)
FNDA:0,(anonymous_14)
FNDA:0,(anonymous_15)
DA:1,0
DA:2,0
DA:3,0
DA:4,0
DA:6,0
DA:8,0
DA:10,0
DA:13,0
DA:23,0
DA:25,0
DA:40,0
DA:43,0
DA:44,0
DA:46,0
DA:48,0
DA:51,0
DA:61,0
DA:63,0
DA:66,0
DA:79,0
DA:81,0
DA:84,0
DA:87,0
DA:89,0
DA:92,0
DA:95,0
DA:104,0
DA:105,0
DA:106,0
DA:107,0
DA:108,0
DA:109,0
DA:110,0
LF:33
LH:0
BRF:0
BRH:0
end_of_record
TN:
SF:src\components\ui\toaster.tsx
FN:4,Toaster
FN:9,(anonymous_2)
FNF:2
FNH:0
FNDA:0,Toaster
FNDA:0,(anonymous_2)
DA:1,0
DA:2,0
DA:4,0
DA:5,0
DA:7,0
DA:9,0
DA:10,0
LF:7
LH:0
BRDA:13,0,0,0
BRDA:13,0,1,0
BRDA:14,1,0,0
BRDA:14,1,1,0
BRF:4
BRH:0
end_of_record
TN:
SF:src\components\ui\toggle-group.tsx
FN:16,(anonymous_10)
FN:27,(anonymous_11)
FNF:2
FNH:0
FNDA:0,(anonymous_10)
FNDA:0,(anonymous_11)
DA:1,0
DA:2,0
DA:5,0
DA:6,0
DA:8,0
DA:13,0
DA:16,0
DA:22,0
DA:24,0
DA:27,0
DA:28,0
DA:30,0
DA:47,0
DA:49,0
LF:14
LH:0
BRDA:35,0,0,0
BRDA:35,0,1,0
BRDA:36,1,0,0
BRDA:36,1,1,0
BRF:4
BRH:0
end_of_record
TN:
SF:src\components\ui\toggle.tsx
FN:31,(anonymous_10)
FNF:1
FNH:0
FNDA:0,(anonymous_10)
DA:1,0
DA:2,0
DA:3,0
DA:5,0
DA:7,0
DA:28,0
DA:31,0
DA:35,0
DA:37,0
LF:9
LH:0
BRF:0
BRH:0
end_of_record
TN:
SF:src\components\ui\tooltip.tsx
FN:15,(anonymous_10)
FNF:1
FNH:0
FNDA:0,(anonymous_10)
DA:1,0
DA:2,0
DA:4,0
DA:6,0
DA:8,0
DA:10,0
DA:12,0
DA:15,0
DA:26,0
DA:28,0
LF:10
LH:0
BRDA:15,0,0,0
BRF:1
BRH:0
end_of_record
TN:
SF:src\components\ui\use-toast.ts
FN:3,(anonymous_0)
FN:3,(anonymous_1)
FNF:2
FNH:0
FNDA:0,(anonymous_0)
FNDA:0,(anonymous_1)
DA:1,0
DA:3,0
LF:2
LH:0
BRF:0
BRH:0
end_of_record
TN:
SF:src\contexts\AuthContext.tsx
FN:25,(anonymous_7)
FN:62,(anonymous_8)
FN:66,(anonymous_9)
FN:71,(anonymous_10)
FN:85,(anonymous_11)
FN:85,(anonymous_12)
FN:104,(anonymous_13)
FN:106,(anonymous_14)
FN:106,(anonymous_15)
FN:119,(anonymous_16)
FN:121,(anonymous_17)
FN:121,(anonymous_18)
FN:131,(anonymous_19)
FN:142,(anonymous_20)
FN:147,(anonymous_21)
FN:147,(anonymous_22)
FN:176,(anonymous_23)
FNF:17
FNH:0
FNDA:0,(anonymous_7)
FNDA:0,(anonymous_8)
FNDA:0,(anonymous_9)
FNDA:0,(anonymous_10)
FNDA:0,(anonymous_11)
FNDA:0,(anonymous_12)
FNDA:0,(anonymous_13)
FNDA:0,(anonymous_14)
FNDA:0,(anonymous_15)
FNDA:0,(anonymous_16)
FNDA:0,(anonymous_17)
FNDA:0,(anonymous_18)
FNDA:0,(anonymous_19)
FNDA:0,(anonymous_20)
FNDA:0,(anonymous_21)
FNDA:0,(anonymous_22)
FNDA:0,(anonymous_23)
DA:1,0
DA:2,0
DA:3,0
DA:23,0
DA:25,0
DA:26,0
DA:27,0
DA:28,0
DA:30,0
DA:34,0
DA:62,0
DA:63,0
DA:64,0
DA:66,0
DA:71,0
DA:72,0
DA:73,0
DA:78,0
DA:80,0
DA:82,0
DA:85,0
DA:87,0
DA:88,0
DA:89,0
DA:90,0
DA:91,0
DA:101,0
DA:104,0
DA:106,0
DA:107,0
DA:108,0
DA:109,0
DA:110,0
DA:111,0
DA:112,0
DA:113,0
DA:114,0
DA:116,0
DA:117,0
DA:119,0
DA:120,0
DA:121,0
DA:122,0
DA:123,0
DA:124,0
DA:127,0
DA:128,0
DA:131,0
DA:133,0
DA:134,0
DA:137,0
DA:141,0
DA:142,0
DA:143,0
DA:147,0
DA:148,0
DA:149,0
DA:150,0
DA:152,0
DA:154,0
DA:155,0
DA:158,0
DA:168,0
DA:169,0
DA:170,0
DA:172,0
DA:176,0
DA:177,0
DA:179,0
DA:181,0
DA:182,0
DA:185,0
LF:72
LH:0
BRDA:27,0,0,0
BRDA:27,0,1,0
BRDA:72,1,0,0
BRDA:72,1,1,0
BRDA:72,2,0,0
BRDA:72,2,1,0
BRDA:78,3,0,0
BRDA:78,3,1,0
BRDA:88,4,0,0
BRDA:88,4,1,0
BRDA:88,5,0,0
BRDA:88,5,1,0
BRDA:88,6,0,0
BRDA:88,6,1,0
BRDA:88,7,0,0
BRDA:88,7,1,0
BRDA:88,8,0,0
BRDA:88,8,1,0
BRDA:89,9,0,0
BRDA:89,9,1,0
BRDA:89,9,2,0
BRDA:89,9,3,0
BRDA:89,10,0,0
BRDA:89,10,1,0
BRDA:89,11,0,0
BRDA:89,11,1,0
BRDA:89,12,0,0
BRDA:89,12,1,0
BRDA:89,13,0,0
BRDA:89,13,1,0
BRDA:90,14,0,0
BRDA:90,14,1,0
BRDA:90,14,2,0
BRDA:90,15,0,0
BRDA:90,15,1,0
BRDA:90,16,0,0
BRDA:90,16,1,0
BRDA:90,17,0,0
BRDA:90,17,1,0
BRDA:90,18,0,0
BRDA:90,18,1,0
BRDA:93,19,0,0
BRDA:93,19,1,0
BRDA:94,20,0,0
BRDA:94,20,1,0
BRDA:95,21,0,0
BRDA:95,21,1,0
BRDA:95,22,0,0
BRDA:95,22,1,0
BRDA:95,22,2,0
BRDA:99,23,0,0
BRDA:99,23,1,0
BRDA:108,24,0,0
BRDA:108,24,1,0
BRDA:108,25,0,0
BRDA:108,25,1,0
BRDA:111,26,0,0
BRDA:111,26,1,0
BRDA:111,27,0,0
BRDA:111,27,1,0
BRDA:111,28,0,0
BRDA:111,28,1,0
BRDA:117,29,0,0
BRDA:117,29,1,0
BRDA:120,30,0,0
BRDA:120,30,1,0
BRDA:120,31,0,0
BRDA:120,31,1,0
BRDA:120,32,0,0
BRDA:120,32,1,0
BRDA:134,33,0,0
BRDA:134,33,1,0
BRDA:143,34,0,0
BRDA:143,34,1,0
BRDA:152,35,0,0
BRDA:152,35,1,0
BRDA:152,36,0,0
BRDA:152,36,1,0
BRDA:154,37,0,0
BRDA:154,37,1,0
BRDA:154,38,0,0
BRDA:154,38,1,0
BRDA:160,39,0,0
BRDA:160,39,1,0
BRDA:161,40,0,0
BRDA:161,40,1,0
BRDA:161,40,2,0
BRDA:161,41,0,0
BRDA:161,41,1,0
BRDA:161,42,0,0
BRDA:161,42,1,0
BRDA:162,43,0,0
BRDA:162,43,1,0
BRDA:162,44,0,0
BRDA:162,44,1,0
BRDA:162,45,0,0
BRDA:162,45,1,0
BRDA:164,46,0,0
BRDA:164,46,1,0
BRDA:164,47,0,0
BRDA:164,47,1,0
BRDA:177,48,0,0
BRDA:177,48,1,0
BRDA:177,49,0,0
BRDA:177,49,1,0
BRF:105
BRH:0
end_of_record
TN:
SF:src\hooks\use-mobile.tsx
FN:5,useIsMobile
FN:8,(anonymous_10)
FN:10,(anonymous_11)
FN:15,(anonymous_12)
FNF:4
FNH:0
FNDA:0,useIsMobile
FNDA:0,(anonymous_10)
FNDA:0,(anonymous_11)
FNDA:0,(anonymous_12)
DA:1,0
DA:3,0
DA:5,0
DA:6,0
DA:8,0
DA:9,0
DA:10,0
DA:11,0
DA:13,0
DA:14,0
DA:15,0
DA:18,0
LF:12
LH:0
BRF:0
BRH:0
end_of_record
TN:
SF:src\hooks\use-toast.ts
FN:24,genId
FN:55,(anonymous_11)
FN:60,(anonymous_12)
FN:71,(anonymous_13)
FN:82,(anonymous_14)
FN:93,(anonymous_15)
FN:100,(anonymous_16)
FN:119,(anonymous_17)
FN:128,dispatch
FN:130,(anonymous_19)
FN:137,toast
FN:140,(anonymous_21)
FN:145,(anonymous_22)
FN:153,(anonymous_23)
FN:166,useToast
FN:169,(anonymous_25)
FN:171,(anonymous_26)
FN:182,(anonymous_27)
FNF:18
FNH:0
FNDA:0,genId
FNDA:0,(anonymous_11)
FNDA:0,(anonymous_12)
FNDA:0,(anonymous_13)
FNDA:0,(anonymous_14)
FNDA:0,(anonymous_15)
FNDA:0,(anonymous_16)
FNDA:0,(anonymous_17)
FNDA:0,dispatch
FNDA:0,(anonymous_19)
FNDA:0,toast
FNDA:0,(anonymous_21)
FNDA:0,(anonymous_22)
FNDA:0,(anonymous_23)
FNDA:0,useToast
FNDA:0,(anonymous_25)
FNDA:0,(anonymous_26)
FNDA:0,(anonymous_27)
DA:1,0
DA:5,0
DA:6,0
DA:15,0
DA:22,0
DA:25,0
DA:26,0
DA:53,0
DA:55,0
DA:56,0
DA:57,0
DA:60,0
DA:61,0
DA:62,0
DA:68,0
DA:71,0
DA:72,0
DA:74,0
DA:80,0
DA:82,0
DA:86,0
DA:90,0
DA:91,0
DA:93,0
DA:94,0
DA:98,0
DA:101,0
DA:111,0
DA:112,0
DA:117,0
DA:119,0
DA:124,0
DA:126,0
DA:129,0
DA:130,0
DA:131,0
DA:137,0
DA:138,0
DA:140,0
DA:141,0
DA:145,0
DA:147,0
DA:154,0
DA:159,0
DA:167,0
DA:169,0
DA:170,0
DA:171,0
DA:172,0
DA:173,0
DA:174,0
DA:179,0
DA:182,0
DA:186,0
LF:54
LH:0
BRDA:56,0,0,0
BRDA:56,0,1,0
BRDA:72,1,0,0
BRDA:72,1,1,0
BRDA:72,1,2,0
BRDA:72,1,3,0
BRDA:82,2,0,0
BRDA:82,2,1,0
BRDA:90,3,0,0
BRDA:90,3,1,0
BRDA:101,4,0,0
BRDA:101,4,1,0
BRDA:101,5,0,0
BRDA:101,5,1,0
BRDA:111,6,0,0
BRDA:111,6,1,0
BRDA:154,7,0,0
BRDA:154,7,1,0
BRDA:173,8,0,0
BRDA:173,8,1,0
BRF:20
BRH:0
end_of_record
TN:
SF:src\lib\storage.ts
FN:3,getStore
FN:6,(anonymous_1)
FN:7,(anonymous_2)
FN:8,(anonymous_3)
FN:9,(anonymous_4)
FN:10,(anonymous_5)
FN:17,readJSON
FN:27,writeJSON
FN:35,removeKey
FNF:9
FNH:0
FNDA:0,getStore
FNDA:0,(anonymous_1)
FNDA:0,(anonymous_2)
FNDA:0,(anonymous_3)
FNDA:0,(anonymous_4)
FNDA:0,(anonymous_5)
FNDA:0,readJSON
FNDA:0,writeJSON
FNDA:0,removeKey
DA:4,0
DA:6,0
DA:7,0
DA:8,0
DA:9,0
DA:10,0
DA:14,0
DA:17,0
DA:18,0
DA:19,0
DA:20,0
DA:21,0
DA:23,0
DA:27,0
DA:28,0
DA:29,0
DA:35,0
DA:36,0
DA:37,0
LF:19
LH:0
BRDA:4,0,0,0
BRDA:4,0,1,0
BRDA:14,1,0,0
BRDA:14,1,1,0
BRDA:17,2,0,0
BRDA:20,3,0,0
BRDA:20,3,1,0
BRDA:27,4,0,0
BRDA:35,5,0,0
BRF:9
BRH:0
end_of_record
TN:
SF:src\lib\utils.ts
FN:4,cn
FNF:1
FNH:1
FNDA:631,cn
DA:1,8
DA:2,8
DA:4,8
DA:5,631
LF:4
LH:4
BRF:0
BRH:0
end_of_record
TN:
SF:src\pages\Analytics.tsx
FN:22,(anonymous_8)
FN:33,(anonymous_9)
FN:39,(anonymous_10)
FN:39,(anonymous_11)
FN:48,(anonymous_12)
FN:49,(anonymous_13)
FN:49,(anonymous_14)
FN:68,(anonymous_15)
FN:72,(anonymous_16)
FN:80,(anonymous_17)
FN:83,(anonymous_18)
FN:97,(anonymous_19)
FN:97,(anonymous_20)
FN:120,(anonymous_21)
FN:133,(anonymous_22)
FN:153,(anonymous_23)
FN:218,(anonymous_24)
FN:318,(anonymous_25)
FN:319,(anonymous_26)
FN:322,(anonymous_27)
FN:328,(anonymous_28)
FN:347,(anonymous_29)
FN:348,(anonymous_30)
FN:351,(anonymous_31)
FN:357,(anonymous_32)
FN:420,(anonymous_33)
FN:420,(anonymous_34)
FN:422,(anonymous_35)
FN:432,(anonymous_36)
FN:432,(anonymous_37)
FNF:30
FNH:0
FNDA:0,(anonymous_8)
FNDA:0,(anonymous_9)
FNDA:0,(anonymous_10)
FNDA:0,(anonymous_11)
FNDA:0,(anonymous_12)
FNDA:0,(anonymous_13)
FNDA:0,(anonymous_14)
FNDA:0,(anonymous_15)
FNDA:0,(anonymous_16)
FNDA:0,(anonymous_17)
FNDA:0,(anonymous_18)
FNDA:0,(anonymous_19)
FNDA:0,(anonymous_20)
FNDA:0,(anonymous_21)
FNDA:0,(anonymous_22)
FNDA:0,(anonymous_23)
FNDA:0,(anonymous_24)
FNDA:0,(anonymous_25)
FNDA:0,(anonymous_26)
FNDA:0,(anonymous_27)
FNDA:0,(anonymous_28)
FNDA:0,(anonymous_29)
FNDA:0,(anonymous_30)
FNDA:0,(anonymous_31)
FNDA:0,(anonymous_32)
FNDA:0,(anonymous_33)
FNDA:0,(anonymous_34)
FNDA:0,(anonymous_35)
FNDA:0,(anonymous_36)
FNDA:0,(anonymous_37)
DA:1,0
DA:2,0
DA:3,0
DA:4,0
DA:12,0
DA:13,0
DA:14,0
DA:15,0
DA:16,0
DA:17,0
DA:18,0
DA:19,0
DA:20,0
DA:22,0
DA:23,0
DA:24,0
DA:25,0
DA:26,0
DA:27,0
DA:28,0
DA:29,0
DA:30,0
DA:31,0
DA:33,0
DA:34,0
DA:35,0
DA:39,0
DA:40,0
DA:42,0
DA:44,0
DA:45,0
DA:48,0
DA:49,0
DA:50,0
DA:51,0
DA:53,0
DA:56,0
DA:57,0
DA:60,0
DA:61,0
DA:64,0
DA:65,0
DA:68,0
DA:71,0
DA:72,0
DA:73,0
DA:74,0
DA:75,0
DA:76,0
DA:80,0
DA:83,0
DA:88,0
DA:91,0
DA:93,0
DA:97,0
DA:98,0
DA:100,0
DA:102,0
DA:103,0
DA:104,0
DA:107,0
DA:109,0
DA:110,0
DA:113,0
DA:114,0
DA:116,0
DA:120,0
DA:121,0
DA:124,0
DA:125,0
DA:132,0
DA:133,0
DA:136,0
DA:137,0
DA:140,0
DA:141,0
DA:142,0
DA:148,0
DA:151,0
DA:152,0
DA:153,0
DA:154,0
DA:162,0
DA:163,0
DA:164,0
DA:165,0
DA:166,0
DA:167,0
DA:168,0
DA:169,0
DA:172,0
DA:173,0
DA:176,0
DA:177,0
DA:194,0
DA:219,0
DA:318,0
DA:320,0
DA:322,0
DA:328,0
DA:347,0
DA:349,0
DA:351,0
DA:357,0
DA:420,0
DA:423,0
DA:432,0
DA:445,0
LF:108
LH:0
BRDA:34,0,0,0
BRDA:34,0,1,0
BRDA:34,1,0,0
BRDA:34,1,1,0
BRDA:34,2,0,0
BRDA:34,2,1,0
BRDA:40,3,0,0
BRDA:40,3,1,0
BRDA:51,4,0,0
BRDA:51,4,1,0
BRDA:64,5,0,0
BRDA:64,5,1,0
BRDA:64,6,0,0
BRDA:64,6,1,0
BRDA:64,6,2,0
BRDA:71,7,0,0
BRDA:71,7,1,0
BRDA:71,8,0,0
BRDA:71,8,1,0
BRDA:74,9,0,0
BRDA:74,9,1,0
BRDA:80,10,0,0
BRDA:80,10,1,0
BRDA:80,11,0,0
BRDA:80,11,1,0
BRDA:80,12,0,0
BRDA:80,12,1,0
BRDA:80,13,0,0
BRDA:80,13,1,0
BRDA:84,14,0,0
BRDA:84,14,1,0
BRDA:85,15,0,0
BRDA:85,15,1,0
BRDA:85,16,0,0
BRDA:85,16,1,0
BRDA:85,17,0,0
BRDA:85,17,1,0
BRDA:85,18,0,0
BRDA:85,18,1,0
BRDA:100,19,0,0
BRDA:100,19,1,0
BRDA:109,20,0,0
BRDA:109,20,1,0
BRDA:109,21,0,0
BRDA:109,21,1,0
BRDA:110,22,0,0
BRDA:110,22,1,0
BRDA:113,23,0,0
BRDA:113,23,1,0
BRDA:113,24,0,0
BRDA:113,24,1,0
BRDA:114,25,0,0
BRDA:114,25,1,0
BRDA:121,26,0,0
BRDA:121,26,1,0
BRDA:121,27,0,0
BRDA:121,27,1,0
BRDA:121,28,0,0
BRDA:121,28,1,0
BRDA:121,29,0,0
BRDA:121,29,1,0
BRDA:124,30,0,0
BRDA:124,30,1,0
BRDA:124,30,2,0
BRDA:124,30,3,0
BRDA:124,30,4,0
BRDA:124,31,0,0
BRDA:124,31,1,0
BRDA:124,32,0,0
BRDA:124,32,1,0
BRDA:124,33,0,0
BRDA:124,33,1,0
BRDA:124,34,0,0
BRDA:124,34,1,0
BRDA:124,35,0,0
BRDA:124,35,1,0
BRDA:124,36,0,0
BRDA:124,36,1,0
BRDA:124,37,0,0
BRDA:124,37,1,0
BRDA:124,38,0,0
BRDA:124,38,1,0
BRDA:127,39,0,0
BRDA:127,39,1,0
BRDA:127,40,0,0
BRDA:127,40,1,0
BRDA:127,41,0,0
BRDA:127,41,1,0
BRDA:127,42,0,0
BRDA:127,42,1,0
BRDA:128,43,0,0
BRDA:128,43,1,0
BRDA:128,44,0,0
BRDA:128,44,1,0
BRDA:128,45,0,0
BRDA:128,45,1,0
BRDA:128,46,0,0
BRDA:128,46,1,0
BRDA:129,47,0,0
BRDA:129,47,1,0
BRDA:129,48,0,0
BRDA:129,48,1,0
BRDA:129,49,0,0
BRDA:129,49,1,0
BRDA:129,50,0,0
BRDA:129,50,1,0
BRDA:133,51,0,0
BRDA:133,51,1,0
BRDA:133,52,0,0
BRDA:133,52,1,0
BRDA:156,53,0,0
BRDA:156,53,1,0
BRDA:156,54,0,0
BRDA:156,54,1,0
BRDA:157,55,0,0
BRDA:157,55,1,0
BRDA:157,56,0,0
BRDA:157,56,1,0
BRDA:158,57,0,0
BRDA:158,57,1,0
BRDA:158,58,0,0
BRDA:158,58,1,0
BRDA:172,59,0,0
BRDA:172,59,1,0
BRDA:176,60,0,0
BRDA:176,60,1,0
BRDA:216,61,0,0
BRDA:216,61,1,0
BRDA:239,62,0,0
BRDA:239,62,1,0
BRDA:243,63,0,0
BRDA:243,63,1,0
BRDA:257,64,0,0
BRDA:257,64,1,0
BRDA:257,65,0,0
BRDA:257,65,1,0
BRDA:257,66,0,0
BRDA:257,66,1,0
BRDA:257,67,0,0
BRDA:257,67,1,0
BRDA:257,68,0,0
BRDA:257,68,1,0
BRDA:257,69,0,0
BRDA:257,69,1,0
BRDA:257,70,0,0
BRDA:257,70,1,0
BRDA:261,71,0,0
BRDA:261,71,1,0
BRDA:275,72,0,0
BRDA:275,72,1,0
BRDA:275,73,0,0
BRDA:275,73,1,0
BRDA:275,74,0,0
BRDA:275,74,1,0
BRDA:275,75,0,0
BRDA:275,75,1,0
BRDA:275,76,0,0
BRDA:275,76,1,0
BRDA:275,77,0,0
BRDA:275,77,1,0
BRDA:275,78,0,0
BRDA:275,78,1,0
BRDA:293,79,0,0
BRDA:293,79,1,0
BRDA:294,80,0,0
BRDA:294,80,1,0
BRDA:294,81,0,0
BRDA:294,81,1,0
BRDA:294,82,0,0
BRDA:294,82,1,0
BRDA:295,83,0,0
BRDA:295,83,1,0
BRDA:295,84,0,0
BRDA:295,84,1,0
BRDA:295,85,0,0
BRDA:295,85,1,0
BRDA:317,86,0,0
BRDA:317,86,1,0
BRDA:318,87,0,0
BRDA:318,87,1,0
BRDA:318,88,0,0
BRDA:318,88,1,0
BRDA:322,89,0,0
BRDA:322,89,1,0
BRDA:323,90,0,0
BRDA:323,90,1,0
BRDA:340,91,0,0
BRDA:340,91,1,0
BRDA:347,92,0,0
BRDA:347,92,1,0
BRDA:347,93,0,0
BRDA:347,93,1,0
BRDA:351,94,0,0
BRDA:351,94,1,0
BRDA:352,95,0,0
BRDA:352,95,1,0
BRDA:369,96,0,0
BRDA:369,96,1,0
BRDA:396,97,0,0
BRDA:396,97,1,0
BRDA:414,98,0,0
BRDA:414,98,1,0
BRDA:419,99,0,0
BRDA:419,99,1,0
BRDA:420,100,0,0
BRDA:420,100,1,0
BRDA:420,101,0,0
BRDA:420,101,1,0
BRDA:420,102,0,0
BRDA:420,102,1,0
BRDA:432,103,0,0
BRDA:432,103,1,0
BRDA:432,103,2,0
BRDA:432,103,3,0
BRDA:432,104,0,0
BRDA:432,104,1,0
BRDA:432,105,0,0
BRDA:432,105,1,0
BRF:218
BRH:0
end_of_record
TN:
SF:src\pages\CreateEvent.tsx
FN:23,(anonymous_8)
FN:45,(anonymous_9)
FN:46,(anonymous_10)
FN:49,(anonymous_11)
FN:51,(anonymous_12)
FN:59,(anonymous_13)
FN:60,(anonymous_14)
FN:62,(anonymous_15)
FN:66,(anonymous_16)
FN:66,(anonymous_17)
FN:136,(anonymous_18)
FN:137,(anonymous_19)
FN:137,(anonymous_20)
FN:235,(anonymous_21)
FN:243,(anonymous_22)
FN:248,(anonymous_23)
FN:263,(anonymous_24)
FN:281,(anonymous_25)
FN:295,(anonymous_26)
FN:313,(anonymous_27)
FN:326,(anonymous_28)
FN:341,(anonymous_29)
FN:343,(anonymous_30)
FN:351,(anonymous_31)
FN:356,(anonymous_32)
FN:376,(anonymous_33)
FNF:26
FNH:0
FNDA:0,(anonymous_8)
FNDA:0,(anonymous_9)
FNDA:0,(anonymous_10)
FNDA:0,(anonymous_11)
FNDA:0,(anonymous_12)
FNDA:0,(anonymous_13)
FNDA:0,(anonymous_14)
FNDA:0,(anonymous_15)
FNDA:0,(anonymous_16)
FNDA:0,(anonymous_17)
FNDA:0,(anonymous_18)
FNDA:0,(anonymous_19)
FNDA:0,(anonymous_20)
FNDA:0,(anonymous_21)
FNDA:0,(anonymous_22)
FNDA:0,(anonymous_23)
FNDA:0,(anonymous_24)
FNDA:0,(anonymous_25)
FNDA:0,(anonymous_26)
FNDA:0,(anonymous_27)
FNDA:0,(anonymous_28)
FNDA:0,(anonymous_29)
FNDA:0,(anonymous_30)
FNDA:0,(anonymous_31)
FNDA:0,(anonymous_32)
FNDA:0,(anonymous_33)
DA:1,0
DA:2,0
DA:3,0
DA:4,0
DA:5,0
DA:6,0
DA:7,0
DA:8,0
DA:9,0
DA:10,0
DA:11,0
DA:12,0
DA:13,0
DA:14,0
DA:15,0
DA:16,0
DA:17,0
DA:19,0
DA:23,0
DA:24,0
DA:25,0
DA:26,0
DA:27,0
DA:29,0
DA:40,0
DA:41,0
DA:42,0
DA:43,0
DA:45,0
DA:46,0
DA:49,0
DA:50,0
DA:51,0
DA:55,0
DA:59,0
DA:60,0
DA:62,0
DA:66,0
DA:67,0
DA:68,0
DA:70,0
DA:71,0
DA:73,0
DA:74,0
DA:77,0
DA:80,0
DA:107,0
DA:110,0
DA:112,0
DA:118,0
DA:120,0
DA:121,0
DA:127,0
DA:131,0
DA:132,0
DA:136,0
DA:137,0
DA:138,0
DA:140,0
DA:141,0
DA:142,0
DA:144,0
DA:145,0
DA:146,0
DA:147,0
DA:149,0
DA:156,0
DA:157,0
DA:158,0
DA:159,0
DA:161,0
DA:162,0
DA:163,0
DA:164,0
DA:165,0
DA:167,0
DA:170,0
DA:173,0
DA:174,0
DA:187,0
DA:188,0
DA:189,0
DA:190,0
DA:191,0
DA:192,0
DA:193,0
DA:195,0
DA:210,0
DA:235,0
DA:243,0
DA:249,0
DA:263,0
DA:281,0
DA:295,0
DA:313,0
DA:326,0
DA:341,0
DA:343,0
DA:352,0
DA:356,0
DA:376,0
DA:395,0
LF:102
LH:0
BRDA:50,0,0,0
BRDA:50,0,1,0
BRDA:50,1,0,0
BRDA:50,1,1,0
BRDA:68,2,0,0
BRDA:68,2,1,0
BRDA:90,3,0,0
BRDA:90,3,1,0
BRDA:91,4,0,0
BRDA:91,4,1,0
BRDA:92,5,0,0
BRDA:92,5,1,0
BRDA:99,6,0,0
BRDA:99,6,1,0
BRDA:100,7,0,0
BRDA:100,7,1,0
BRDA:102,8,0,0
BRDA:102,8,1,0
BRDA:124,9,0,0
BRDA:124,9,1,0
BRDA:124,10,0,0
BRDA:124,10,1,0
BRDA:124,11,0,0
BRDA:124,11,1,0
BRDA:131,12,0,0
BRDA:131,12,1,0
BRDA:138,13,0,0
BRDA:138,13,1,0
BRDA:138,14,0,0
BRDA:138,14,1,0
BRDA:144,15,0,0
BRDA:144,15,1,0
BRDA:144,16,0,0
BRDA:144,16,1,0
BRDA:156,17,0,0
BRDA:156,17,1,0
BRDA:158,18,0,0
BRDA:158,18,1,0
BRDA:162,19,0,0
BRDA:162,19,1,0
BRDA:163,20,0,0
BRDA:163,20,1,0
BRDA:164,21,0,0
BRDA:164,21,1,0
BRDA:173,22,0,0
BRDA:173,22,1,0
BRDA:187,23,0,0
BRDA:187,23,1,0
BRDA:187,24,0,0
BRDA:187,24,1,0
BRDA:189,25,0,0
BRDA:189,25,1,0
BRDA:190,26,0,0
BRDA:190,26,1,0
BRDA:191,27,0,0
BRDA:191,27,1,0
BRDA:192,28,0,0
BRDA:192,28,1,0
BRDA:193,29,0,0
BRDA:193,29,1,0
BRDA:343,30,0,0
BRDA:343,30,1,0
BRDA:349,31,0,0
BRDA:349,31,1,0
BRDA:371,32,0,0
BRDA:371,32,1,0
BRF:66
BRH:0
end_of_record
TN:
SF:src\pages\EditEvent.tsx
FN:23,EditEvent
FN:35,(anonymous_18)
FN:52,(anonymous_19)
FN:74,(anonymous_20)
FN:75,(anonymous_21)
FN:78,(anonymous_22)
FN:85,(anonymous_23)
FN:87,(anonymous_24)
FN:91,(anonymous_25)
FN:91,(anonymous_26)
FN:93,(anonymous_27)
FN:100,(anonymous_28)
FN:109,(anonymous_29)
FN:151,(anonymous_30)
FN:225,(anonymous_31)
FN:233,(anonymous_32)
FN:248,(anonymous_33)
FN:260,(anonymous_34)
FN:274,(anonymous_35)
FN:281,(anonymous_36)
FN:284,(anonymous_37)
FN:300,(anonymous_38)
FN:310,(anonymous_39)
FN:330,(anonymous_40)
FN:359,(anonymous_41)
FN:376,TagInput
FN:391,(anonymous_43)
FN:393,(anonymous_44)
FN:401,(anonymous_45)
FN:407,(anonymous_46)
FN:410,(anonymous_47)
FNF:31
FNH:0
FNDA:0,EditEvent
FNDA:0,(anonymous_18)
FNDA:0,(anonymous_19)
FNDA:0,(anonymous_20)
FNDA:0,(anonymous_21)
FNDA:0,(anonymous_22)
FNDA:0,(anonymous_23)
FNDA:0,(anonymous_24)
FNDA:0,(anonymous_25)
FNDA:0,(anonymous_26)
FNDA:0,(anonymous_27)
FNDA:0,(anonymous_28)
FNDA:0,(anonymous_29)
FNDA:0,(anonymous_30)
FNDA:0,(anonymous_31)
FNDA:0,(anonymous_32)
FNDA:0,(anonymous_33)
FNDA:0,(anonymous_34)
FNDA:0,(anonymous_35)
FNDA:0,(anonymous_36)
FNDA:0,(anonymous_37)
FNDA:0,(anonymous_38)
FNDA:0,(anonymous_39)
FNDA:0,(anonymous_40)
FNDA:0,(anonymous_41)
FNDA:0,TagInput
FNDA:0,(anonymous_43)
FNDA:0,(anonymous_44)
FNDA:0,(anonymous_45)
FNDA:0,(anonymous_46)
FNDA:0,(anonymous_47)
DA:1,0
DA:2,0
DA:3,0
DA:4,0
DA:6,0
DA:7,0
DA:8,0
DA:9,0
DA:11,0
DA:12,0
DA:13,0
DA:14,0
DA:15,0
DA:16,0
DA:17,0
DA:19,0
DA:21,0
DA:23,0
DA:24,0
DA:25,0
DA:26,0
DA:27,0
DA:28,0
DA:30,0
DA:33,0
DA:35,0
DA:40,0
DA:52,0
DA:53,0
DA:55,0
DA:56,0
DA:57,0
DA:59,0
DA:74,0
DA:75,0
DA:78,0
DA:79,0
DA:80,0
DA:81,0
DA:82,0
DA:85,0
DA:86,0
DA:87,0
DA:90,0
DA:91,0
DA:92,0
DA:95,0
DA:96,0
DA:97,0
DA:98,0
DA:101,0
DA:109,0
DA:110,0
DA:111,0
DA:114,0
DA:115,0
DA:120,0
DA:122,0
DA:123,0
DA:128,0
DA:131,0
DA:132,0
DA:133,0
DA:135,0
DA:147,0
DA:151,0
DA:152,0
DA:153,0
DA:154,0
DA:155,0
DA:167,0
DA:168,0
DA:178,0
DA:179,0
DA:190,0
DA:191,0
DA:206,0
DA:225,0
DA:233,0
DA:248,0
DA:260,0
DA:274,0
DA:281,0
DA:284,0
DA:300,0
DA:310,0
DA:330,0
DA:359,0
DA:385,0
DA:386,0
DA:391,0
DA:394,0
DA:395,0
DA:396,0
DA:397,0
DA:401,0
DA:408,0
DA:410,0
LF:98
LH:0
BRDA:30,0,0,0
BRDA:30,0,1,0
BRDA:53,1,0,0
BRDA:53,1,1,0
BRDA:60,2,0,0
BRDA:60,2,1,0
BRDA:60,3,0,0
BRDA:60,3,1,0
BRDA:61,4,0,0
BRDA:61,4,1,0
BRDA:61,5,0,0
BRDA:61,5,1,0
BRDA:66,6,0,0
BRDA:66,6,1,0
BRDA:66,7,0,0
BRDA:66,7,1,0
BRDA:67,8,0,0
BRDA:67,8,1,0
BRDA:67,9,0,0
BRDA:67,9,1,0
BRDA:68,10,0,0
BRDA:68,10,1,0
BRDA:68,11,0,0
BRDA:68,11,1,0
BRDA:68,12,0,0
BRDA:68,12,1,0
BRDA:68,13,0,0
BRDA:68,13,1,0
BRDA:69,14,0,0
BRDA:69,14,1,0
BRDA:69,15,0,0
BRDA:69,15,1,0
BRDA:70,16,0,0
BRDA:70,16,1,0
BRDA:70,17,0,0
BRDA:70,17,1,0
BRDA:75,18,0,0
BRDA:75,18,1,0
BRDA:80,19,0,0
BRDA:80,19,1,0
BRDA:80,20,0,0
BRDA:80,20,1,0
BRDA:81,21,0,0
BRDA:81,21,1,0
BRDA:86,22,0,0
BRDA:86,22,1,0
BRDA:104,23,0,0
BRDA:104,23,1,0
BRDA:104,24,0,0
BRDA:104,24,1,0
BRDA:104,25,0,0
BRDA:104,25,1,0
BRDA:104,26,0,0
BRDA:104,26,1,0
BRDA:111,27,0,0
BRDA:111,27,1,0
BRDA:111,28,0,0
BRDA:111,28,1,0
BRDA:114,29,0,0
BRDA:114,29,1,0
BRDA:122,30,0,0
BRDA:122,30,1,0
BRDA:122,31,0,0
BRDA:122,31,1,0
BRDA:142,32,0,0
BRDA:142,32,1,0
BRDA:143,33,0,0
BRDA:143,33,1,0
BRDA:152,34,0,0
BRDA:152,34,1,0
BRDA:158,35,0,0
BRDA:158,35,1,0
BRDA:158,36,0,0
BRDA:158,36,1,0
BRDA:159,37,0,0
BRDA:159,37,1,0
BRDA:159,38,0,0
BRDA:159,38,1,0
BRDA:160,39,0,0
BRDA:160,39,1,0
BRDA:160,40,0,0
BRDA:160,40,1,0
BRDA:161,41,0,0
BRDA:161,41,1,0
BRDA:161,42,0,0
BRDA:161,42,1,0
BRDA:162,43,0,0
BRDA:162,43,1,0
BRDA:162,44,0,0
BRDA:162,44,1,0
BRDA:167,45,0,0
BRDA:167,45,1,0
BRDA:178,46,0,0
BRDA:178,46,1,0
BRDA:178,47,0,0
BRDA:178,47,1,0
BRDA:190,48,0,0
BRDA:190,48,1,0
BRDA:190,49,0,0
BRDA:190,49,1,0
BRDA:219,50,0,0
BRDA:219,50,1,0
BRDA:260,51,0,0
BRDA:260,51,1,0
BRDA:328,52,0,0
BRDA:328,52,1,0
BRDA:349,53,0,0
BRDA:349,53,1,0
BRDA:349,54,0,0
BRDA:349,54,1,0
BRDA:350,55,0,0
BRDA:350,55,1,0
BRDA:350,56,0,0
BRDA:350,56,1,0
BRDA:351,57,0,0
BRDA:351,57,1,0
BRDA:351,58,0,0
BRDA:351,58,1,0
BRDA:352,59,0,0
BRDA:352,59,1,0
BRDA:352,60,0,0
BRDA:352,60,1,0
BRDA:353,61,0,0
BRDA:353,61,1,0
BRDA:353,62,0,0
BRDA:353,62,1,0
BRDA:354,63,0,0
BRDA:354,63,1,0
BRDA:354,64,0,0
BRDA:354,64,1,0
BRDA:355,65,0,0
BRDA:355,65,1,0
BRDA:355,66,0,0
BRDA:355,66,1,0
BRDA:355,67,0,0
BRDA:355,67,1,0
BRDA:355,68,0,0
BRDA:355,68,1,0
BRDA:355,69,0,0
BRDA:355,69,1,0
BRDA:363,70,0,0
BRDA:363,70,1,0
BRDA:363,71,0,0
BRDA:363,71,1,0
BRDA:363,72,0,0
BRDA:363,72,1,0
BRDA:394,73,0,0
BRDA:394,73,1,0
BRDA:405,74,0,0
BRDA:405,74,1,0
BRF:150
BRH:0
end_of_record
TN:
SF:src\pages\EventHistory.tsx
FN:18,(anonymous_8)
FN:23,(anonymous_9)
FN:25,(anonymous_10)
FN:33,(anonymous_11)
FN:44,(anonymous_12)
FN:46,(anonymous_13)
FN:47,(anonymous_14)
FN:47,(anonymous_15)
FN:84,(anonymous_16)
FN:85,(anonymous_17)
FN:94,(anonymous_18)
FN:102,(anonymous_19)
FN:102,(anonymous_20)
FN:103,(anonymous_21)
FN:104,(anonymous_22)
FN:105,(anonymous_23)
FN:107,(anonymous_24)
FN:108,(anonymous_25)
FN:113,(anonymous_26)
FN:115,(anonymous_27)
FN:128,(anonymous_28)
FN:133,(anonymous_29)
FN:134,(anonymous_30)
FN:196,(anonymous_31)
FNF:24
FNH:0
FNDA:0,(anonymous_8)
FNDA:0,(anonymous_9)
FNDA:0,(anonymous_10)
FNDA:0,(anonymous_11)
FNDA:0,(anonymous_12)
FNDA:0,(anonymous_13)
FNDA:0,(anonymous_14)
FNDA:0,(anonymous_15)
FNDA:0,(anonymous_16)
FNDA:0,(anonymous_17)
FNDA:0,(anonymous_18)
FNDA:0,(anonymous_19)
FNDA:0,(anonymous_20)
FNDA:0,(anonymous_21)
FNDA:0,(anonymous_22)
FNDA:0,(anonymous_23)
FNDA:0,(anonymous_24)
FNDA:0,(anonymous_25)
FNDA:0,(anonymous_26)
FNDA:0,(anonymous_27)
FNDA:0,(anonymous_28)
FNDA:0,(anonymous_29)
FNDA:0,(anonymous_30)
FNDA:0,(anonymous_31)
DA:1,0
DA:2,0
DA:3,0
DA:4,0
DA:5,0
DA:6,0
DA:18,0
DA:19,0
DA:20,0
DA:21,0
DA:22,0
DA:23,0
DA:24,0
DA:25,0
DA:33,0
DA:34,0
DA:35,0
DA:36,0
DA:37,0
DA:38,0
DA:39,0
DA:40,0
DA:41,0
DA:44,0
DA:46,0
DA:47,0
DA:48,0
DA:49,0
DA:50,0
DA:51,0
DA:52,0
DA:53,0
DA:54,0
DA:55,0
DA:58,0
DA:59,0
DA:60,0
DA:65,0
DA:67,0
DA:71,0
DA:72,0
DA:73,0
DA:77,0
DA:79,0
DA:83,0
DA:84,0
DA:85,0
DA:87,0
DA:88,0
DA:89,0
DA:90,0
DA:94,0
DA:101,0
DA:102,0
DA:103,0
DA:104,0
DA:105,0
DA:107,0
DA:108,0
DA:109,0
DA:110,0
DA:113,0
DA:115,0
DA:116,0
DA:118,0
DA:128,0
DA:131,0
DA:132,0
DA:133,0
DA:134,0
DA:144,0
DA:146,0
DA:148,0
DA:151,0
DA:154,0
DA:196,0
DA:217,0
LF:77
LH:0
BRDA:26,0,0,0
BRDA:26,0,1,0
BRDA:26,1,0,0
BRDA:26,1,1,0
BRDA:26,2,0,0
BRDA:26,2,1,0
BRDA:26,3,0,0
BRDA:26,3,1,0
BRDA:27,4,0,0
BRDA:27,4,1,0
BRDA:27,5,0,0
BRDA:27,5,1,0
BRDA:27,6,0,0
BRDA:27,6,1,0
BRDA:27,7,0,0
BRDA:27,7,1,0
BRDA:28,8,0,0
BRDA:28,8,1,0
BRDA:28,9,0,0
BRDA:28,9,1,0
BRDA:29,10,0,0
BRDA:29,10,1,0
BRDA:29,11,0,0
BRDA:29,11,1,0
BRDA:31,12,0,0
BRDA:31,12,1,0
BRDA:32,13,0,0
BRDA:32,13,1,0
BRDA:32,14,0,0
BRDA:32,14,1,0
BRDA:48,15,0,0
BRDA:48,15,1,0
BRDA:52,16,0,0
BRDA:52,16,1,0
BRDA:52,17,0,0
BRDA:52,17,1,0
BRDA:65,18,0,0
BRDA:65,18,1,0
BRDA:65,19,0,0
BRDA:65,19,1,0
BRDA:77,20,0,0
BRDA:77,20,1,0
BRDA:77,21,0,0
BRDA:77,21,1,0
BRDA:88,22,0,0
BRDA:88,22,1,0
BRDA:94,23,0,0
BRDA:94,23,1,0
BRDA:94,24,0,0
BRDA:94,24,1,0
BRDA:107,25,0,0
BRDA:107,25,1,0
BRDA:107,26,0,0
BRDA:107,26,1,0
BRDA:107,27,0,0
BRDA:107,27,1,0
BRDA:107,28,0,0
BRDA:107,28,1,0
BRDA:107,29,0,0
BRDA:107,29,1,0
BRDA:110,30,0,0
BRDA:110,30,1,0
BRDA:113,31,0,0
BRDA:113,31,1,0
BRDA:113,32,0,0
BRDA:113,32,1,0
BRDA:113,33,0,0
BRDA:113,33,1,0
BRDA:113,34,0,0
BRDA:113,34,1,0
BRDA:113,35,0,0
BRDA:113,35,1,0
BRDA:113,36,0,0
BRDA:113,36,1,0
BRDA:113,37,0,0
BRDA:113,37,1,0
BRDA:113,38,0,0
BRDA:113,38,1,0
BRDA:115,39,0,0
BRDA:115,39,1,0
BRDA:115,40,0,0
BRDA:115,40,1,0
BRDA:115,41,0,0
BRDA:115,41,1,0
BRDA:115,42,0,0
BRDA:115,42,1,0
BRDA:115,43,0,0
BRDA:115,43,1,0
BRDA:115,44,0,0
BRDA:115,44,1,0
BRDA:115,45,0,0
BRDA:115,45,1,0
BRDA:115,46,0,0
BRDA:115,46,1,0
BRDA:116,47,0,0
BRDA:116,47,1,0
BRDA:116,48,0,0
BRDA:116,48,1,0
BRDA:119,49,0,0
BRDA:119,49,1,0
BRDA:119,50,0,0
BRDA:119,50,1,0
BRDA:120,51,0,0
BRDA:120,51,1,0
BRDA:120,52,0,0
BRDA:120,52,1,0
BRDA:123,53,0,0
BRDA:123,53,1,0
BRDA:123,54,0,0
BRDA:123,54,1,0
BRDA:123,55,0,0
BRDA:123,55,1,0
BRDA:123,56,0,0
BRDA:123,56,1,0
BRDA:123,57,0,0
BRDA:123,57,1,0
BRDA:123,58,0,0
BRDA:123,58,1,0
BRDA:123,59,0,0
BRDA:123,59,1,0
BRDA:123,60,0,0
BRDA:123,60,1,0
BRDA:123,61,0,0
BRDA:123,61,1,0
BRDA:131,62,0,0
BRDA:131,62,1,0
BRDA:131,63,0,0
BRDA:131,63,1,0
BRDA:133,64,0,0
BRDA:133,64,1,0
BRDA:133,65,0,0
BRDA:133,65,1,0
BRDA:133,66,0,0
BRDA:133,66,1,0
BRDA:133,67,0,0
BRDA:133,67,1,0
BRDA:133,68,0,0
BRDA:133,68,1,0
BRDA:133,69,0,0
BRDA:133,69,1,0
BRDA:133,70,0,0
BRDA:133,70,1,0
BRDA:133,71,0,0
BRDA:133,71,1,0
BRDA:137,72,0,0
BRDA:137,72,1,0
BRDA:137,73,0,0
BRDA:137,73,1,0
BRDA:137,74,0,0
BRDA:137,74,1,0
BRDA:137,75,0,0
BRDA:137,75,1,0
BRDA:139,76,0,0
BRDA:139,76,1,0
BRDA:139,77,0,0
BRDA:139,77,1,0
BRDA:139,78,0,0
BRDA:139,78,1,0
BRDA:139,79,0,0
BRDA:139,79,1,0
BRDA:139,80,0,0
BRDA:139,80,1,0
BRDA:140,81,0,0
BRDA:140,81,1,0
BRDA:140,82,0,0
BRDA:140,82,1,0
BRDA:163,83,0,0
BRDA:163,83,1,0
BRDA:176,84,0,0
BRDA:176,84,1,0
BRDA:178,85,0,0
BRDA:178,85,1,0
BRDA:180,86,0,0
BRDA:180,86,1,0
BRDA:198,87,0,0
BRDA:198,87,1,0
BRDA:198,88,0,0
BRDA:198,88,1,0
BRDA:198,89,0,0
BRDA:198,89,1,0
BRDA:198,90,0,0
BRDA:198,90,1,0
BRDA:199,91,0,0
BRDA:199,91,1,0
BRDA:199,92,0,0
BRDA:199,92,1,0
BRDA:199,93,0,0
BRDA:199,93,1,0
BRDA:199,94,0,0
BRDA:199,94,1,0
BRDA:201,95,0,0
BRDA:201,95,1,0
BRDA:202,96,0,0
BRDA:202,96,1,0
BRDA:203,97,0,0
BRDA:203,97,1,0
BRDA:203,98,0,0
BRDA:203,98,1,0
BRF:198
BRH:0
end_of_record
TN:
SF:src\pages\Friends.tsx
FN:31,initials
FN:37,(anonymous_9)
FN:41,(anonymous_10)
FN:77,(anonymous_11)
FN:79,load
FN:95,(anonymous_14)
FN:107,(anonymous_15)
FN:129,(anonymous_16)
FN:135,(anonymous_17)
FN:138,(anonymous_18)
FN:138,(anonymous_19)
FN:166,(anonymous_20)
FN:176,(anonymous_21)
FN:176,(anonymous_22)
FN:194,(anonymous_23)
FN:194,(anonymous_24)
FN:214,(anonymous_25)
FN:214,(anonymous_26)
FN:233,(anonymous_27)
FN:235,(anonymous_28)
FN:295,(anonymous_29)
FN:307,(anonymous_30)
FN:327,(anonymous_31)
FN:360,(anonymous_32)
FN:384,(anonymous_33)
FN:410,(anonymous_34)
FN:415,(anonymous_35)
FN:433,(anonymous_36)
FN:459,(anonymous_37)
FN:460,(anonymous_38)
FN:473,(anonymous_39)
FN:473,(anonymous_40)
FN:484,(anonymous_41)
FNF:33
FNH:0
FNDA:0,initials
FNDA:0,(anonymous_9)
FNDA:0,(anonymous_10)
FNDA:0,(anonymous_11)
FNDA:0,load
FNDA:0,(anonymous_14)
FNDA:0,(anonymous_15)
FNDA:0,(anonymous_16)
FNDA:0,(anonymous_17)
FNDA:0,(anonymous_18)
FNDA:0,(anonymous_19)
FNDA:0,(anonymous_20)
FNDA:0,(anonymous_21)
FNDA:0,(anonymous_22)
FNDA:0,(anonymous_23)
FNDA:0,(anonymous_24)
FNDA:0,(anonymous_25)
FNDA:0,(anonymous_26)
FNDA:0,(anonymous_27)
FNDA:0,(anonymous_28)
FNDA:0,(anonymous_29)
FNDA:0,(anonymous_30)
FNDA:0,(anonymous_31)
FNDA:0,(anonymous_32)
FNDA:0,(anonymous_33)
FNDA:0,(anonymous_34)
FNDA:0,(anonymous_35)
FNDA:0,(anonymous_36)
FNDA:0,(anonymous_37)
FNDA:0,(anonymous_38)
FNDA:0,(anonymous_39)
FNDA:0,(anonymous_40)
FNDA:0,(anonymous_41)
DA:1,0
DA:2,0
DA:3,0
DA:4,0
DA:5,0
DA:6,0
DA:7,0
DA:8,0
DA:9,0
DA:18,0
DA:19,0
DA:20,0
DA:21,0
DA:23,0
DA:32,0
DA:33,0
DA:37,0
DA:41,0
DA:42,0
DA:43,0
DA:45,0
DA:46,0
DA:49,0
DA:50,0
DA:51,0
DA:52,0
DA:53,0
DA:56,0
DA:58,0
DA:59,0
DA:77,0
DA:78,0
DA:80,0
DA:81,0
DA:82,0
DA:83,0
DA:89,0
DA:90,0
DA:91,0
DA:92,0
DA:95,0
DA:96,0
DA:97,0
DA:102,0
DA:106,0
DA:107,0
DA:108,0
DA:114,0
DA:118,0
DA:119,0
DA:125,0
DA:128,0
DA:129,0
DA:130,0
DA:135,0
DA:136,0
DA:138,0
DA:139,0
DA:140,0
DA:141,0
DA:143,0
DA:147,0
DA:157,0
DA:166,0
DA:167,0
DA:168,0
DA:169,0
DA:176,0
DA:177,0
DA:178,0
DA:179,0
DA:180,0
DA:181,0
DA:183,0
DA:184,0
DA:186,0
DA:194,0
DA:195,0
DA:196,0
DA:197,0
DA:199,0
DA:203,0
DA:204,0
DA:206,0
DA:214,0
DA:215,0
DA:216,0
DA:217,0
DA:218,0
DA:219,0
DA:221,0
DA:229,0
DA:230,0
DA:231,0
DA:233,0
DA:234,0
DA:235,0
DA:236,0
DA:237,0
DA:238,0
DA:240,0
DA:242,0
DA:267,0
DA:295,0
DA:307,0
DA:328,0
DA:361,0
DA:385,0
DA:387,0
DA:389,0
DA:410,0
DA:415,0
DA:434,0
DA:460,0
DA:461,0
DA:462,0
DA:464,0
DA:466,0
DA:469,0
DA:473,0
DA:474,0
DA:475,0
DA:485,0
DA:506,0
LF:124
LH:0
BRDA:32,0,0,0
BRDA:32,0,1,0
BRDA:37,1,0,0
BRDA:37,1,1,0
BRDA:37,2,0,0
BRDA:37,2,1,0
BRDA:56,3,0,0
BRDA:56,3,1,0
BRDA:58,4,0,0
BRDA:58,4,1,0
BRDA:80,5,0,0
BRDA:80,5,1,0
BRDA:89,6,0,0
BRDA:89,6,1,0
BRDA:96,7,0,0
BRDA:96,7,1,0
BRDA:96,8,0,0
BRDA:96,8,1,0
BRDA:102,9,0,0
BRDA:102,9,1,0
BRDA:102,10,0,0
BRDA:102,10,1,0
BRDA:109,11,0,0
BRDA:109,11,1,0
BRDA:109,12,0,0
BRDA:109,12,1,0
BRDA:110,13,0,0
BRDA:110,13,1,0
BRDA:110,14,0,0
BRDA:110,14,1,0
BRDA:111,15,0,0
BRDA:111,15,1,0
BRDA:111,16,0,0
BRDA:111,16,1,0
BRDA:122,17,0,0
BRDA:122,17,1,0
BRDA:122,18,0,0
BRDA:122,18,1,0
BRDA:122,19,0,0
BRDA:122,19,1,0
BRDA:122,20,0,0
BRDA:122,20,1,0
BRDA:125,21,0,0
BRDA:125,21,1,0
BRDA:136,22,0,0
BRDA:136,22,1,0
BRDA:136,23,0,0
BRDA:136,23,1,0
BRDA:174,24,0,0
BRDA:174,24,1,0
BRDA:174,25,0,0
BRDA:174,25,1,0
BRDA:177,26,0,0
BRDA:177,26,1,0
BRDA:189,27,0,0
BRDA:189,27,1,0
BRDA:189,28,0,0
BRDA:189,28,1,0
BRDA:189,29,0,0
BRDA:189,29,1,0
BRDA:189,30,0,0
BRDA:189,30,1,0
BRDA:209,31,0,0
BRDA:209,31,1,0
BRDA:209,32,0,0
BRDA:209,32,1,0
BRDA:209,33,0,0
BRDA:209,33,1,0
BRDA:209,34,0,0
BRDA:209,34,1,0
BRDA:224,35,0,0
BRDA:224,35,1,0
BRDA:224,36,0,0
BRDA:224,36,1,0
BRDA:224,37,0,0
BRDA:224,37,1,0
BRDA:224,38,0,0
BRDA:224,38,1,0
BRDA:234,39,0,0
BRDA:234,39,1,0
BRDA:237,40,0,0
BRDA:237,40,1,0
BRDA:237,41,0,0
BRDA:237,41,1,0
BRDA:237,42,0,0
BRDA:237,42,1,0
BRDA:237,43,0,0
BRDA:237,43,1,0
BRDA:238,44,0,0
BRDA:238,44,1,0
BRDA:238,45,0,0
BRDA:238,45,1,0
BRDA:238,46,0,0
BRDA:238,46,1,0
BRDA:238,47,0,0
BRDA:238,47,1,0
BRDA:240,48,0,0
BRDA:240,48,1,0
BRDA:240,49,0,0
BRDA:240,49,1,0
BRDA:240,50,0,0
BRDA:240,50,1,0
BRDA:240,51,0,0
BRDA:240,51,1,0
BRDA:325,52,0,0
BRDA:325,52,1,0
BRDA:341,53,0,0
BRDA:341,53,1,0
BRDA:358,54,0,0
BRDA:358,54,1,0
BRDA:374,55,0,0
BRDA:374,55,1,0
BRDA:385,56,0,0
BRDA:385,56,1,0
BRDA:385,57,0,0
BRDA:385,57,1,0
BRDA:387,58,0,0
BRDA:387,58,1,0
BRDA:387,59,0,0
BRDA:387,59,1,0
BRDA:402,60,0,0
BRDA:402,60,1,0
BRDA:402,61,0,0
BRDA:402,61,1,0
BRDA:431,62,0,0
BRDA:431,62,1,0
BRDA:447,63,0,0
BRDA:447,63,1,0
BRDA:462,64,0,0
BRDA:462,64,1,0
BRDA:462,65,0,0
BRDA:462,65,1,0
BRDA:462,66,0,0
BRDA:462,66,1,0
BRDA:462,67,0,0
BRDA:462,67,1,0
BRDA:464,68,0,0
BRDA:464,68,1,0
BRDA:464,69,0,0
BRDA:464,69,1,0
BRDA:464,70,0,0
BRDA:464,70,1,0
BRDA:464,71,0,0
BRDA:464,71,1,0
BRF:144
BRH:0
end_of_record
TN:
SF:src\pages\Index.tsx
FN:22,(anonymous_8)
FN:36,(anonymous_9)
FN:41,(anonymous_10)
FN:41,(anonymous_11)
FN:80,(anonymous_12)
FN:87,(anonymous_13)
FN:87,(anonymous_14)
FN:115,(anonymous_15)
FN:203,(anonymous_16)
FN:212,(anonymous_17)
FN:226,(anonymous_18)
FN:234,(anonymous_19)
FN:250,(anonymous_20)
FN:254,(anonymous_21)
FN:254,(anonymous_22)
FN:276,(anonymous_23)
FN:291,(anonymous_24)
FN:295,(anonymous_25)
FN:299,(anonymous_26)
FNF:19
FNH:0
FNDA:0,(anonymous_8)
FNDA:0,(anonymous_9)
FNDA:0,(anonymous_10)
FNDA:0,(anonymous_11)
FNDA:0,(anonymous_12)
FNDA:0,(anonymous_13)
FNDA:0,(anonymous_14)
FNDA:0,(anonymous_15)
FNDA:0,(anonymous_16)
FNDA:0,(anonymous_17)
FNDA:0,(anonymous_18)
FNDA:0,(anonymous_19)
FNDA:0,(anonymous_20)
FNDA:0,(anonymous_21)
FNDA:0,(anonymous_22)
FNDA:0,(anonymous_23)
FNDA:0,(anonymous_24)
FNDA:0,(anonymous_25)
FNDA:0,(anonymous_26)
DA:1,0
DA:2,0
DA:3,0
DA:4,0
DA:5,0
DA:6,0
DA:15,0
DA:16,0
DA:17,0
DA:18,0
DA:19,0
DA:20,0
DA:22,0
DA:23,0
DA:24,0
DA:25,0
DA:26,0
DA:27,0
DA:28,0
DA:29,0
DA:30,0
DA:31,0
DA:32,0
DA:33,0
DA:34,0
DA:36,0
DA:37,0
DA:38,0
DA:41,0
DA:42,0
DA:44,0
DA:45,0
DA:48,0
DA:49,0
DA:50,0
DA:51,0
DA:52,0
DA:57,0
DA:60,0
DA:61,0
DA:64,0
DA:65,0
DA:68,0
DA:69,0
DA:71,0
DA:73,0
DA:75,0
DA:80,0
DA:81,0
DA:82,0
DA:87,0
DA:88,0
DA:89,0
DA:90,0
DA:91,0
DA:92,0
DA:94,0
DA:96,0
DA:97,0
DA:98,0
DA:101,0
DA:102,0
DA:103,0
DA:104,0
DA:107,0
DA:108,0
DA:110,0
DA:115,0
DA:116,0
DA:117,0
DA:118,0
DA:120,0
DA:121,0
DA:122,0
DA:126,0
DA:127,0
DA:131,0
DA:203,0
DA:212,0
DA:226,0
DA:235,0
DA:251,0
DA:254,0
DA:255,0
DA:256,0
DA:277,0
DA:291,0
DA:296,0
DA:299,0
DA:325,0
LF:90
LH:0
BRDA:37,0,0,0
BRDA:37,0,1,0
BRDA:81,1,0,0
BRDA:81,1,1,0
BRDA:84,2,0,0
BRDA:84,2,1,0
BRDA:84,3,0,0
BRDA:84,3,1,0
BRDA:88,4,0,0
BRDA:88,4,1,0
BRDA:92,5,0,0
BRDA:92,5,1,0
BRDA:92,6,0,0
BRDA:92,6,1,0
BRDA:97,7,0,0
BRDA:97,7,1,0
BRDA:97,8,0,0
BRDA:97,8,1,0
BRDA:97,9,0,0
BRDA:97,9,1,0
BRDA:97,10,0,0
BRDA:97,10,1,0
BRDA:103,11,0,0
BRDA:103,11,1,0
BRDA:103,12,0,0
BRDA:103,12,1,0
BRDA:103,13,0,0
BRDA:103,13,1,0
BRDA:103,14,0,0
BRDA:103,14,1,0
BRDA:108,15,0,0
BRDA:108,15,1,0
BRDA:108,15,2,0
BRDA:116,16,0,0
BRDA:116,16,1,0
BRDA:116,17,0,0
BRDA:116,17,1,0
BRDA:116,18,0,0
BRDA:116,18,1,0
BRDA:120,19,0,0
BRDA:120,19,1,0
BRDA:120,20,0,0
BRDA:120,20,1,0
BRDA:120,21,0,0
BRDA:120,21,1,0
BRDA:126,22,0,0
BRDA:126,22,1,0
BRDA:153,23,0,0
BRDA:153,23,1,0
BRDA:153,24,0,0
BRDA:153,24,1,0
BRDA:154,25,0,0
BRDA:154,25,1,0
BRDA:166,26,0,0
BRDA:166,26,1,0
BRDA:166,27,0,0
BRDA:166,27,1,0
BRDA:178,28,0,0
BRDA:178,28,1,0
BRDA:178,29,0,0
BRDA:178,29,1,0
BRDA:190,30,0,0
BRDA:190,30,1,0
BRDA:190,31,0,0
BRDA:190,31,1,0
BRDA:232,32,0,0
BRDA:232,32,1,0
BRDA:274,33,0,0
BRDA:274,33,1,0
BRDA:289,34,0,0
BRDA:289,34,1,0
BRF:71
BRH:0
end_of_record
TN:
SF:src\pages\MyEvents.tsx
FN:27,(anonymous_8)
FN:38,(anonymous_9)
FN:41,(anonymous_10)
FN:42,(anonymous_11)
FN:46,(anonymous_12)
FN:53,(anonymous_13)
FN:53,(anonymous_14)
FN:73,(anonymous_15)
FN:77,(anonymous_16)
FN:78,(anonymous_17)
FN:83,(anonymous_18)
FN:83,(anonymous_19)
FN:87,(anonymous_20)
FN:144,(anonymous_21)
FN:166,(anonymous_22)
FN:171,(anonymous_23)
FN:171,(anonymous_24)
FN:187,(anonymous_25)
FN:207,(anonymous_26)
FN:227,(anonymous_27)
FN:234,(anonymous_28)
FN:253,(anonymous_29)
FN:261,(anonymous_30)
FN:280,(anonymous_31)
FN:282,(anonymous_32)
FN:282,(anonymous_33)
FNF:26
FNH:0
FNDA:0,(anonymous_8)
FNDA:0,(anonymous_9)
FNDA:0,(anonymous_10)
FNDA:0,(anonymous_11)
FNDA:0,(anonymous_12)
FNDA:0,(anonymous_13)
FNDA:0,(anonymous_14)
FNDA:0,(anonymous_15)
FNDA:0,(anonymous_16)
FNDA:0,(anonymous_17)
FNDA:0,(anonymous_18)
FNDA:0,(anonymous_19)
FNDA:0,(anonymous_20)
FNDA:0,(anonymous_21)
FNDA:0,(anonymous_22)
FNDA:0,(anonymous_23)
FNDA:0,(anonymous_24)
FNDA:0,(anonymous_25)
FNDA:0,(anonymous_26)
FNDA:0,(anonymous_27)
FNDA:0,(anonymous_28)
FNDA:0,(anonymous_29)
FNDA:0,(anonymous_30)
FNDA:0,(anonymous_31)
FNDA:0,(anonymous_32)
FNDA:0,(anonymous_33)
DA:1,0
DA:2,0
DA:3,0
DA:4,0
DA:14,0
DA:15,0
DA:16,0
DA:17,0
DA:18,0
DA:19,0
DA:20,0
DA:21,0
DA:22,0
DA:23,0
DA:24,0
DA:25,0
DA:27,0
DA:28,0
DA:29,0
DA:30,0
DA:31,0
DA:32,0
DA:33,0
DA:34,0
DA:35,0
DA:36,0
DA:38,0
DA:39,0
DA:40,0
DA:41,0
DA:42,0
DA:46,0
DA:47,0
DA:48,0
DA:53,0
DA:54,0
DA:56,0
DA:58,0
DA:59,0
DA:62,0
DA:63,0
DA:64,0
DA:67,0
DA:69,0
DA:73,0
DA:74,0
DA:77,0
DA:78,0
DA:79,0
DA:80,0
DA:83,0
DA:84,0
DA:86,0
DA:87,0
DA:88,0
DA:89,0
DA:90,0
DA:91,0
DA:92,0
DA:93,0
DA:95,0
DA:97,0
DA:99,0
DA:101,0
DA:103,0
DA:104,0
DA:108,0
DA:109,0
DA:112,0
DA:145,0
DA:166,0
DA:171,0
DA:172,0
DA:187,0
DA:208,0
DA:227,0
DA:234,0
DA:254,0
DA:255,0
DA:261,0
DA:280,0
DA:282,0
DA:283,0
DA:284,0
DA:296,0
LF:85
LH:0
BRDA:39,0,0,0
BRDA:39,0,1,0
BRDA:39,1,0,0
BRDA:39,1,1,0
BRDA:47,2,0,0
BRDA:47,2,1,0
BRDA:54,3,0,0
BRDA:54,3,1,0
BRDA:62,4,0,0
BRDA:62,4,1,0
BRDA:78,5,0,0
BRDA:78,5,1,0
BRDA:78,6,0,0
BRDA:78,6,1,0
BRDA:78,7,0,0
BRDA:78,7,1,0
BRDA:84,8,0,0
BRDA:84,8,1,0
BRDA:87,9,0,0
BRDA:87,9,1,0
BRDA:87,10,0,0
BRDA:87,10,1,0
BRDA:90,11,0,0
BRDA:90,11,1,0
BRDA:92,12,0,0
BRDA:92,12,1,0
BRDA:108,13,0,0
BRDA:108,13,1,0
BRDA:120,14,0,0
BRDA:120,14,1,0
BRDA:128,15,0,0
BRDA:128,15,1,0
BRDA:142,16,0,0
BRDA:142,16,1,0
BRDA:158,17,0,0
BRDA:158,17,1,0
BRDA:171,18,0,0
BRDA:171,18,1,0
BRDA:179,19,0,0
BRDA:179,19,1,0
BRDA:205,20,0,0
BRDA:205,20,1,0
BRDA:221,21,0,0
BRDA:221,21,1,0
BRDA:236,22,0,0
BRDA:236,22,1,0
BRDA:236,23,0,0
BRDA:236,23,1,0
BRDA:255,24,0,0
BRDA:255,24,1,0
BRDA:261,25,0,0
BRDA:261,25,1,0
BRDA:270,26,0,0
BRDA:270,26,1,0
BRDA:276,27,0,0
BRDA:276,27,1,0
BRDA:276,28,0,0
BRDA:276,28,1,0
BRDA:283,29,0,0
BRDA:283,29,1,0
BRF:60
BRH:0
end_of_record
TN:
SF:src\pages\NotFound.tsx
FN:4,(anonymous_0)
FN:7,(anonymous_1)
FNF:2
FNH:0
FNDA:0,(anonymous_0)
FNDA:0,(anonymous_1)
DA:1,0
DA:2,0
DA:4,0
DA:5,0
DA:7,0
DA:8,0
DA:11,0
DA:24,0
LF:8
LH:0
BRF:0
BRH:0
end_of_record
TN:
SF:src\pages\Scan.tsx
FN:11,(anonymous_17)
FN:27,(anonymous_18)
FN:28,(anonymous_19)
FN:33,(anonymous_20)
FN:34,(anonymous_21)
FN:34,(anonymous_22)
FN:37,(anonymous_23)
FN:76,(anonymous_24)
FN:76,(anonymous_25)
FN:92,(anonymous_26)
FN:92,(anonymous_27)
FN:104,(anonymous_28)
FN:104,(anonymous_29)
FN:124,(anonymous_30)
FN:132,(anonymous_31)
FN:148,(anonymous_32)
FN:157,(anonymous_33)
FN:158,(anonymous_34)
FNF:18
FNH:0
FNDA:0,(anonymous_17)
FNDA:0,(anonymous_18)
FNDA:0,(anonymous_19)
FNDA:0,(anonymous_20)
FNDA:0,(anonymous_21)
FNDA:0,(anonymous_22)
FNDA:0,(anonymous_23)
FNDA:0,(anonymous_24)
FNDA:0,(anonymous_25)
FNDA:0,(anonymous_26)
FNDA:0,(anonymous_27)
FNDA:0,(anonymous_28)
FNDA:0,(anonymous_29)
FNDA:0,(anonymous_30)
FNDA:0,(anonymous_31)
FNDA:0,(anonymous_32)
FNDA:0,(anonymous_33)
FNDA:0,(anonymous_34)
DA:1,0
DA:2,0
DA:3,0
DA:4,0
DA:5,0
DA:6,0
DA:7,0
DA:8,0
DA:9,0
DA:11,0
DA:12,0
DA:13,0
DA:14,0
DA:15,0
DA:16,0
DA:17,0
DA:18,0
DA:19,0
DA:20,0
DA:21,0
DA:22,0
DA:23,0
DA:25,0
DA:27,0
DA:28,0
DA:29,0
DA:33,0
DA:34,0
DA:35,0
DA:36,0
DA:37,0
DA:38,0
DA:39,0
DA:40,0
DA:42,0
DA:44,0
DA:47,0
DA:50,0
DA:51,0
DA:52,0
DA:63,0
DA:64,0
DA:76,0
DA:77,0
DA:78,0
DA:79,0
DA:80,0
DA:81,0
DA:82,0
DA:83,0
DA:84,0
DA:86,0
DA:88,0
DA:92,0
DA:93,0
DA:94,0
DA:95,0
DA:96,0
DA:97,0
DA:98,0
DA:99,0
DA:100,0
DA:102,0
DA:103,0
DA:104,0
DA:105,0
DA:106,0
DA:107,0
DA:108,0
DA:109,0
DA:110,0
DA:111,0
DA:112,0
DA:113,0
DA:116,0
DA:118,0
DA:120,0
DA:124,0
DA:125,0
DA:126,0
DA:127,0
DA:128,0
DA:129,0
DA:131,0
DA:132,0
DA:133,0
DA:135,0
DA:138,0
DA:148,0
DA:157,0
DA:158,0
DA:181,0
LF:92
LH:0
BRDA:25,0,0,0
BRDA:25,0,1,0
BRDA:35,1,0,0
BRDA:35,1,1,0
BRDA:35,2,0,0
BRDA:35,2,1,0
BRDA:39,3,0,0
BRDA:39,3,1,0
BRDA:39,4,0,0
BRDA:39,4,1,0
BRDA:50,5,0,0
BRDA:50,5,1,0
BRDA:51,6,0,0
BRDA:51,6,1,0
BRDA:51,7,0,0
BRDA:51,7,1,0
BRDA:63,8,0,0
BRDA:63,8,1,0
BRDA:77,9,0,0
BRDA:77,9,1,0
BRDA:83,10,0,0
BRDA:83,10,1,0
[...]
BRDA:596,187,0,0
BRDA:596,187,1,0
BRDA:598,188,0,0
BRDA:598,188,1,0
BRDA:598,189,0,0
BRDA:598,189,1,0
BRDA:600,190,0,0
BRDA:600,190,1,0
BRDA:600,191,0,0
BRDA:600,191,1,0
BRDA:601,192,0,0
BRDA:601,192,1,0
BRDA:601,193,0,0
BRDA:601,193,1,0
BRDA:604,194,0,0
BRDA:604,194,1,0
BRDA:604,195,0,0
BRDA:604,195,1,0
BRDA:606,196,0,0
BRDA:606,196,1,0
BRDA:606,197,0,0
BRDA:606,197,1,0
BRDA:607,198,0,0
BRDA:607,198,1,0
BRDA:607,199,0,0
BRDA:607,199,1,0
BRDA:609,200,0,0
BRDA:609,200,1,0
BRDA:609,200,2,0
BRDA:617,201,0,0
BRDA:617,201,1,0
BRDA:621,202,0,0
BRDA:621,202,1,0
BRDA:629,203,0,0
BRDA:629,203,1,0
BRDA:636,204,0,0
BRDA:636,204,1,0
BRDA:636,205,0,0
BRDA:636,205,1,0
BRDA:636,206,0,0
BRDA:636,206,1,0
BRDA:636,207,0,0
BRDA:636,207,1,0
BRDA:637,208,0,0
BRDA:637,208,1,0
BRDA:644,209,0,0
BRDA:644,209,1,0
BRDA:652,210,0,0
BRDA:652,210,1,0
BRDA:653,211,0,0
BRDA:653,211,1,0
BRDA:653,212,0,0
BRDA:653,212,1,0
BRDA:654,213,0,0
BRDA:654,213,1,0
BRDA:654,214,0,0
BRDA:654,214,1,0
BRDA:659,215,0,0
BRDA:659,215,1,0
BRDA:659,216,0,0
BRDA:659,216,1,0
BRDA:668,217,0,0
BRDA:668,217,1,0
BRDA:671,218,0,0
BRDA:671,218,1,0
BRDA:671,219,0,0
BRDA:671,219,1,0
BRDA:674,220,0,0
BRDA:674,220,1,0
BRDA:674,221,0,0
BRDA:674,221,1,0
BRDA:675,222,0,0
BRDA:675,222,1,0
BRDA:678,223,0,0
BRDA:678,223,1,0
BRDA:678,224,0,0
BRDA:678,224,1,0
BRDA:682,225,0,0
BRDA:682,225,1,0
BRDA:682,226,0,0
BRDA:682,226,1,0
BRDA:684,227,0,0
BRDA:684,227,1,0
BRDA:685,228,0,0
BRDA:685,228,1,0
BRDA:685,229,0,0
BRDA:685,229,1,0
BRDA:685,230,0,0
BRDA:685,230,1,0
BRDA:685,231,0,0
BRDA:685,231,1,0
BRDA:688,232,0,0
BRDA:688,232,1,0
BRDA:695,233,0,0
BRDA:695,233,1,0
BRDA:704,234,0,0
BRDA:704,234,1,0
BRDA:704,235,0,0
BRDA:704,235,1,0
BRDA:706,236,0,0
BRDA:706,236,1,0
BRDA:706,237,0,0
BRDA:706,237,1,0
BRDA:708,238,0,0
BRDA:708,238,1,0
BRDA:708,239,0,0
BRDA:708,239,1,0
BRDA:709,240,0,0
BRDA:709,240,1,0
BRDA:709,241,0,0
BRDA:709,241,1,0
BRDA:709,242,0,0
BRDA:709,242,1,0
BRDA:711,243,0,0
BRDA:711,243,1,0
BRDA:711,244,0,0
BRDA:711,244,1,0
BRDA:712,245,0,0
BRDA:712,245,1,0
BRDA:712,246,0,0
BRDA:712,246,1,0
BRDA:714,247,0,0
BRDA:714,247,1,0
BRDA:714,248,0,0
BRDA:714,248,1,0
BRDA:715,249,0,0
BRDA:715,249,1,0
BRDA:715,250,0,0
BRDA:715,250,1,0
BRDA:716,251,0,0
BRDA:716,251,1,0
BRDA:717,252,0,0
BRDA:717,252,1,0
BRDA:717,253,0,0
BRDA:717,253,1,0
BRDA:731,254,0,0
BRDA:731,254,1,0
BRDA:736,255,0,0
BRDA:736,255,1,0
BRDA:736,256,0,0
BRDA:736,256,1,0
BRDA:736,257,0,0
BRDA:736,257,1,0
BRDA:739,258,0,0
BRDA:739,258,1,0
BRDA:739,259,0,0
BRDA:739,259,1,0
BRDA:739,260,0,0
BRDA:739,260,1,0
BRDA:740,261,0,0
BRDA:740,261,1,0
BRDA:748,262,0,0
BRDA:748,262,1,0
BRDA:748,263,0,0
BRDA:748,263,1,0
BRDA:748,264,0,0
BRDA:748,264,1,0
BRDA:751,265,0,0
BRDA:751,265,1,0
BRDA:751,266,0,0
BRDA:751,266,1,0
BRDA:751,267,0,0
BRDA:751,267,1,0
BRDA:755,268,0,0
BRDA:755,268,1,0
BRDA:755,269,0,0
BRDA:755,269,1,0
BRDA:755,270,0,0
BRDA:755,270,1,0
BRDA:756,271,0,0
BRDA:756,271,1,0
BRDA:756,272,0,0
BRDA:756,272,1,0
BRDA:756,273,0,0
BRDA:756,273,1,0
BRDA:764,274,0,0
BRDA:764,274,1,0
BRDA:766,275,0,0
BRDA:766,275,1,0
BRDA:766,276,0,0
BRDA:766,276,1,0
BRDA:771,277,0,0
BRDA:771,277,1,0
BRDA:773,278,0,0
BRDA:773,278,1,0
BRDA:774,279,0,0
BRDA:774,279,1,0
BRDA:775,280,0,0
BRDA:775,280,1,0
BRDA:778,281,0,0
BRDA:778,281,1,0
BRDA:778,282,0,0
BRDA:778,282,1,0
BRDA:791,283,0,0
BRDA:791,283,1,0
BRDA:791,284,0,0
BRDA:791,284,1,0
BRDA:793,285,0,0
BRDA:793,285,1,0
BRDA:793,286,0,0
BRDA:793,286,1,0
BRDA:795,287,0,0
BRDA:795,287,1,0
BRDA:795,288,0,0
BRDA:795,288,1,0
BRDA:796,289,0,0
BRDA:796,289,1,0
BRDA:796,290,0,0
BRDA:796,290,1,0
BRDA:796,291,0,0
BRDA:796,291,1,0
BRDA:796,292,0,0
BRDA:796,292,1,0
BRDA:796,293,0,0
BRDA:796,293,1,0
BRDA:796,294,0,0
BRDA:796,294,1,0
BRDA:798,295,0,0
BRDA:798,295,1,0
BRDA:798,296,0,0
BRDA:798,296,1,0
BRDA:799,297,0,0
BRDA:799,297,1,0
BRDA:799,298,0,0
BRDA:799,298,1,0
BRDA:801,299,0,0
BRDA:801,299,1,0
BRDA:801,300,0,0
BRDA:801,300,1,0
BRDA:811,301,0,0
BRDA:811,301,1,0
BRDA:811,302,0,0
BRDA:811,302,1,0
BRDA:816,303,0,0
BRDA:816,303,1,0
BRDA:816,304,0,0
BRDA:816,304,1,0
BRDA:818,305,0,0
BRDA:818,305,1,0
BRDA:819,306,0,0
BRDA:819,306,1,0
BRDA:819,307,0,0
BRDA:819,307,1,0
BRDA:819,308,0,0
BRDA:819,308,1,0
BRDA:820,309,0,0
BRDA:820,309,1,0
BRDA:829,310,0,0
BRDA:829,310,1,0
BRDA:829,311,0,0
BRDA:829,311,1,0
BRDA:829,312,0,0
BRDA:829,312,1,0
BRDA:830,313,0,0
BRDA:830,313,1,0
BRDA:830,314,0,0
BRDA:830,314,1,0
BRDA:830,315,0,0
BRDA:830,315,1,0
BRDA:831,316,0,0
BRDA:831,316,1,0
BRDA:831,317,0,0
BRDA:831,317,1,0
BRDA:831,318,0,0
BRDA:831,318,1,0
BRDA:832,319,0,0
BRDA:832,319,1,0
BRDA:832,320,0,0
BRDA:832,320,1,0
BRDA:832,321,0,0
BRDA:832,321,1,0
BRDA:833,322,0,0
BRDA:833,322,1,0
BRDA:833,323,0,0
BRDA:833,323,1,0
BRDA:833,324,0,0
BRDA:833,324,1,0
BRDA:841,325,0,0
BRDA:841,325,1,0
BRDA:847,326,0,0
BRDA:847,326,1,0
BRDA:848,327,0,0
BRDA:848,327,1,0
BRDA:849,328,0,0
BRDA:849,328,1,0
BRDA:851,329,0,0
BRDA:851,329,1,0
BRDA:852,330,0,0
BRDA:852,330,1,0
BRDA:852,331,0,0
BRDA:852,331,1,0
BRDA:857,332,0,0
BRDA:857,332,1,0
BRDA:857,333,0,0
BRDA:857,333,1,0
BRDA:859,334,0,0
BRDA:859,334,1,0
BRDA:859,335,0,0
BRDA:859,335,1,0
BRDA:861,336,0,0
BRDA:861,336,1,0
BRDA:861,337,0,0
BRDA:861,337,1,0
BRDA:862,338,0,0
BRDA:862,338,1,0
BRDA:862,339,0,0
BRDA:862,339,1,0
BRDA:864,340,0,0
BRDA:864,340,1,0
BRDA:864,341,0,0
BRDA:864,341,1,0
BRDA:865,342,0,0
BRDA:865,342,1,0
BRDA:865,343,0,0
BRDA:865,343,1,0
BRDA:867,344,0,0
BRDA:867,344,1,0
BRDA:867,345,0,0
BRDA:867,345,1,0
BRDA:868,346,0,0
BRDA:868,346,1,0
BRDA:868,347,0,0
BRDA:868,347,1,0
BRDA:877,348,0,0
BRDA:877,348,1,0
BRDA:886,349,0,0
BRDA:886,349,1,0
BRDA:886,350,0,0
BRDA:886,350,1,0
BRDA:891,351,0,0
BRDA:891,351,1,0
BRDA:895,352,0,0
BRDA:895,352,1,0
BRDA:899,353,0,0
BRDA:899,353,1,0
BRDA:899,354,0,0
BRDA:899,354,1,0
BRDA:903,355,0,0
BRDA:903,355,1,0
BRDA:927,356,0,0
BRDA:927,356,1,0
BRDA:931,357,0,0
BRDA:931,357,1,0
BRDA:935,358,0,0
BRDA:935,358,1,0
BRDA:935,359,0,0
BRDA:935,359,1,0
BRDA:941,360,0,0
BRDA:941,360,1,0
BRDA:947,361,0,0
BRDA:947,361,1,0
BRDA:947,362,0,0
BRDA:947,362,1,0
BRDA:949,363,0,0
BRDA:949,363,1,0
BRDA:951,364,0,0
BRDA:951,364,1,0
BRDA:959,365,0,0
BRDA:959,365,1,0
BRDA:959,366,0,0
BRDA:959,366,1,0
BRDA:959,367,0,0
BRDA:959,367,1,0
BRDA:967,368,0,0
BRDA:967,368,1,0
BRDA:968,369,0,0
BRDA:968,369,1,0
BRDA:968,370,0,0
BRDA:968,370,1,0
BRDA:973,371,0,0
BRDA:973,371,1,0
BRDA:975,372,0,0
BRDA:975,372,1,0
BRDA:975,373,0,0
BRDA:975,373,1,0
BRDA:976,374,0,0
BRDA:976,374,1,0
BRDA:983,375,0,0
BRDA:983,375,1,0
BRDA:983,376,0,0
BRDA:983,376,1,0
BRDA:983,377,0,0
BRDA:983,377,1,0
BRDA:983,378,0,0
BRDA:983,378,1,0
BRDA:983,379,0,0
BRDA:983,379,1,0
BRDA:983,380,0,0
BRDA:983,380,1,0
BRDA:983,381,0,0
BRDA:983,381,1,0
BRDA:983,382,0,0
BRDA:983,382,1,0
BRDA:984,383,0,0
BRDA:984,383,1,0
BRDA:991,384,0,0
BRDA:991,384,1,0
BRDA:991,385,0,0
BRDA:991,385,1,0
BRDA:999,386,0,0
BRDA:999,386,1,0
BRDA:999,387,0,0
BRDA:999,387,1,0
BRDA:1016,388,0,0
BRDA:1016,388,1,0
BRDA:1016,389,0,0
BRDA:1016,389,1,0
BRDA:1016,390,0,0
BRDA:1016,390,1,0
BRDA:1016,391,0,0
BRDA:1016,391,1,0
BRDA:1017,392,0,0
BRDA:1017,392,1,0
BRDA:1017,393,0,0
BRDA:1017,393,1,0
BRDA:1018,394,0,0
BRDA:1018,394,1,0
BRDA:1018,395,0,0
BRDA:1018,395,1,0
BRDA:1019,396,0,0
BRDA:1019,396,1,0
BRDA:1019,397,0,0
BRDA:1019,397,1,0
BRDA:1021,398,0,0
BRDA:1021,398,1,0
BRDA:1021,399,0,0
BRDA:1021,399,1,0
BRDA:1026,400,0,0
BRDA:1026,400,1,0
BRDA:1027,401,0,0
BRDA:1027,401,1,0
BRDA:1027,402,0,0
BRDA:1027,402,1,0
BRDA:1027,403,0,0
BRDA:1027,403,1,0
BRDA:1028,404,0,0
BRDA:1028,404,1,0
BRDA:1028,405,0,0
BRDA:1028,405,1,0
BRDA:1028,406,0,0
BRDA:1028,406,1,0
BRDA:1028,407,0,0
BRDA:1028,407,1,0
BRDA:1031,408,0,0
BRDA:1031,408,1,0
BRDA:1032,409,0,0
BRDA:1032,409,1,0
BRDA:1041,410,0,0
BRDA:1041,410,1,0
BRDA:1042,411,0,0
BRDA:1042,411,1,0
BRDA:1042,412,0,0
BRDA:1042,412,1,0
BRDA:1043,413,0,0
BRDA:1043,413,1,0
BRDA:1060,414,0,0
BRDA:1060,414,1,0
BRDA:1080,415,0,0
BRDA:1080,415,1,0
BRDA:1105,416,0,0
BRDA:1105,416,1,0
BRDA:1105,416,2,0
BRDA:1109,417,0,0
BRDA:1109,417,1,0
BRDA:1109,418,0,0
BRDA:1109,418,1,0
BRDA:1109,419,0,0
BRDA:1109,419,1,0
BRDA:1115,420,0,0
BRDA:1115,420,1,0
BRDA:1116,421,0,0
BRDA:1116,421,1,0
BRDA:1132,422,0,0
BRDA:1132,422,1,0
BRDA:1132,423,0,0
BRDA:1132,423,1,0
BRDA:1134,424,0,0
BRDA:1134,424,1,0
BRDA:1142,425,0,0
BRDA:1142,425,1,0
BRDA:1143,426,0,0
BRDA:1143,426,1,0
BRDA:1143,427,0,0
BRDA:1143,427,1,0
BRDA:1158,428,0,0
BRDA:1158,428,1,0
BRDA:1159,429,0,0
BRDA:1159,429,1,0
BRDA:1159,430,0,0
BRDA:1159,430,1,0
BRDA:1175,431,0,0
BRDA:1175,431,1,0
BRDA:1175,432,0,0
BRDA:1175,432,1,0
BRDA:1182,433,0,0
BRDA:1182,433,1,0
BRDA:1201,434,0,0
BRDA:1201,434,1,0
BRDA:1201,434,2,0
BRDA:1203,435,0,0
BRDA:1203,435,1,0
BRDA:1220,436,0,0
BRDA:1220,436,1,0
BRDA:1220,437,0,0
BRDA:1220,437,1,0
BRDA:1224,438,0,0
BRDA:1224,438,1,0
BRDA:1225,439,0,0
BRDA:1225,439,1,0
BRDA:1233,440,0,0
BRDA:1233,440,1,0
BRDA:1243,441,0,0
BRDA:1243,441,1,0
BRDA:1243,442,0,0
BRDA:1243,442,1,0
BRDA:1243,442,2,0
BRDA:1246,443,0,0
BRDA:1246,443,1,0
BRDA:1246,444,0,0
BRDA:1246,444,1,0
BRDA:1247,445,0,0
BRDA:1247,445,1,0
BRDA:1247,446,0,0
BRDA:1247,446,1,0
BRDA:1248,447,0,0
BRDA:1248,447,1,0
BRDA:1248,448,0,0
BRDA:1248,448,1,0
BRDA:1249,449,0,0
BRDA:1249,449,1,0
BRDA:1249,450,0,0
BRDA:1249,450,1,0
BRDA:1278,451,0,0
BRDA:1278,451,1,0
BRDA:1278,452,0,0
BRDA:1278,452,1,0
BRDA:1279,453,0,0
BRDA:1279,453,1,0
BRDA:1279,454,0,0
BRDA:1279,454,1,0
BRDA:1280,455,0,0
BRDA:1280,455,1,0
BRDA:1280,456,0,0
BRDA:1280,456,1,0
BRDA:1280,457,0,0
BRDA:1280,457,1,0
BRDA:1280,458,0,0
BRDA:1280,458,1,0
BRDA:1281,459,0,0
BRDA:1281,459,1,0
BRDA:1281,460,0,0
BRDA:1281,460,1,0
BRDA:1282,461,0,0
BRDA:1282,461,1,0
BRDA:1282,461,2,0
BRDA:1290,462,0,0
BRDA:1290,462,1,0
BRDA:1290,463,0,0
BRDA:1290,463,1,0
BRDA:1302,464,0,0
BRDA:1302,464,1,0
BRDA:1314,465,0,0
BRDA:1314,465,1,0
BRDA:1314,466,0,0
BRDA:1314,466,1,0
BRDA:1322,467,0,0
BRDA:1322,467,1,0
BRDA:1322,468,0,0
BRDA:1322,468,1,0
BRDA:1332,469,0,0
BRDA:1332,469,1,0
BRDA:1333,470,0,0
BRDA:1333,470,1,0
BRDA:1333,471,0,0
BRDA:1333,471,1,0
BRDA:1343,472,0,0
BRDA:1343,472,1,0
BRDA:1343,473,0,0
BRDA:1343,473,1,0
BRDA:1343,474,0,0
BRDA:1343,474,1,0
BRDA:1343,475,0,0
BRDA:1343,475,1,0
BRDA:1344,476,0,0
BRDA:1344,476,1,0
BRDA:1344,477,0,0
BRDA:1344,477,1,0
BRDA:1357,478,0,0
BRDA:1357,478,1,0
BRDA:1359,479,0,0
BRDA:1359,479,1,0
BRDA:1366,480,0,0
BRDA:1366,480,1,0
BRDA:1372,481,0,0
BRDA:1372,481,1,0
BRDA:1372,482,0,0
BRDA:1372,482,1,0
BRDA:1380,483,0,0
BRDA:1380,483,1,0
BRDA:1385,484,0,0
BRDA:1385,484,1,0
BRDA:1398,485,0,0
BRDA:1398,485,1,0
BRDA:1405,486,0,0
BRDA:1405,486,1,0
BRDA:1407,487,0,0
BRDA:1407,487,1,0
BRDA:1407,488,0,0
BRDA:1407,488,1,0
BRDA:1418,489,0,0
BRDA:1418,489,1,0
BRDA:1419,490,0,0
BRDA:1419,490,1,0
BRDA:1434,491,0,0
BRDA:1434,491,1,0
BRDA:1435,492,0,0
BRDA:1435,492,1,0
BRDA:1438,493,0,0
BRDA:1438,493,1,0
BRDA:1438,494,0,0
BRDA:1438,494,1,0
BRDA:1438,495,0,0
BRDA:1438,495,1,0
BRDA:1438,496,0,0
BRDA:1438,496,1,0
BRDA:1439,497,0,0
BRDA:1439,497,1,0
BRDA:1439,498,0,0
BRDA:1439,498,1,0
BRDA:1439,499,0,0
BRDA:1439,499,1,0
BRDA:1439,500,0,0
BRDA:1439,500,1,0
BRDA:1442,501,0,0
BRDA:1442,501,1,0
BRDA:1453,502,0,0
BRDA:1453,502,1,0
BRDA:1453,503,0,0
BRDA:1453,503,1,0
BRDA:1459,504,0,0
BRDA:1459,504,1,0
BRDA:1465,505,0,0
BRDA:1465,505,1,0
BRDA:1465,506,0,0
BRDA:1465,506,1,0
BRDA:1469,507,0,0
BRDA:1469,507,1,0
BRDA:1475,508,0,0
BRDA:1475,508,1,0
BRDA:1475,509,0,0
BRDA:1475,509,1,0
BRDA:1480,510,0,0
BRDA:1480,510,1,0
BRDA:1484,511,0,0
BRDA:1484,511,1,0
BRDA:1486,512,0,0
BRDA:1486,512,1,0
BRDA:1486,512,2,0
BRDA:1486,512,3,0
BRDA:1492,513,0,0
BRDA:1492,513,1,0
BRDA:1496,514,0,0
BRDA:1496,514,1,0
BRDA:1518,515,0,0
BRDA:1518,515,1,0
BRDA:1521,516,0,0
BRDA:1521,516,1,0
BRDA:1521,517,0,0
BRDA:1521,517,1,0
BRDA:1525,518,0,0
BRDA:1525,518,1,0
BRDA:1525,519,0,0
BRDA:1525,519,1,0
BRDA:1527,520,0,0
BRDA:1527,520,1,0
BRDA:1527,521,0,0
BRDA:1527,521,1,0
BRDA:1528,522,0,0
BRDA:1528,522,1,0
BRDA:1528,523,0,0
BRDA:1528,523,1,0
BRDA:1531,524,0,0
BRDA:1531,524,1,0
BRDA:1531,525,0,0
BRDA:1531,525,1,0
BRDA:1533,526,0,0
BRDA:1533,526,1,0
BRDA:1533,527,0,0
BRDA:1533,527,1,0
BRDA:1536,528,0,0
BRDA:1536,528,1,0
BRDA:1536,528,2,0
BRDA:1543,529,0,0
BRDA:1543,529,1,0
BRDA:1543,530,0,0
BRDA:1543,530,1,0
BRDA:1562,531,0,0
BRDA:1562,531,1,0
BRDA:1598,532,0,0
BRDA:1598,532,1,0
BRDA:1616,533,0,0
BRDA:1616,533,1,0
BRDA:1618,534,0,0
BRDA:1618,534,1,0
BRDA:1618,535,0,0
BRDA:1618,535,1,0
BRDA:1619,536,0,0
BRDA:1619,536,1,0
BRDA:1619,537,0,0
BRDA:1619,537,1,0
BRDA:1621,538,0,0
BRDA:1621,538,1,0
BRDA:1621,539,0,0
BRDA:1621,539,1,0
BRDA:1623,540,0,0
BRDA:1623,540,1,0
BRDA:1623,541,0,0
BRDA:1623,541,1,0
BRDA:1624,542,0,0
BRDA:1624,542,1,0
BRDA:1624,543,0,0
BRDA:1624,543,1,0
BRDA:1626,544,0,0
BRDA:1626,544,1,0
BRDA:1626,545,0,0
BRDA:1626,545,1,0
BRDA:1627,546,0,0
BRDA:1627,546,1,0
BRDA:1627,547,0,0
BRDA:1627,547,1,0
BRDA:1629,548,0,0
BRDA:1629,548,1,0
BRDA:1629,549,0,0
BRDA:1629,549,1,0
BRDA:1630,550,0,0
BRDA:1630,550,1,0
BRDA:1630,551,0,0
BRDA:1630,551,1,0
BRDA:1631,552,0,0
BRDA:1631,552,1,0
BRDA:1644,553,0,0
BRDA:1644,553,1,0
BRDA:1655,554,0,0
BRDA:1655,554,1,0
BRDA:1663,555,0,0
BRDA:1663,555,1,0
BRDA:1663,556,0,0
BRDA:1663,556,1,0
BRDA:1674,557,0,0
BRDA:1674,557,1,0
BRDA:1693,558,0,0
BRDA:1693,558,1,0
BRDA:1693,559,0,0
BRDA:1693,559,1,0
BRDA:1693,560,0,0
BRDA:1693,560,1,0
BRDA:1693,561,0,0
BRDA:1693,561,1,0
BRDA:1695,562,0,0
BRDA:1695,562,1,0
BRDA:1695,563,0,0
BRDA:1695,563,1,0
BRDA:1695,564,0,0
BRDA:1695,564,1,0
BRDA:1695,565,0,0
BRDA:1695,565,1,0
BRDA:1705,566,0,0
BRDA:1705,566,1,0
BRDA:1719,567,0,0
BRDA:1719,567,1,0
BRDA:1719,568,0,0
BRDA:1719,568,1,0
BRDA:1727,569,0,0
BRDA:1727,569,1,0
BRDA:1727,570,0,0
BRDA:1727,570,1,0
BRDA:1728,571,0,0
BRDA:1728,571,1,0
BRDA:1730,572,0,0
BRDA:1730,572,1,0
BRDA:1730,573,0,0
BRDA:1730,573,1,0
BRDA:1730,574,0,0
BRDA:1730,574,1,0
BRDA:1730,575,0,0
BRDA:1730,575,1,0
BRDA:1731,576,0,0
BRDA:1731,576,1,0
BRDA:1731,577,0,0
BRDA:1731,577,1,0
BRDA:1731,578,0,0
BRDA:1731,578,1,0
BRDA:1731,579,0,0
BRDA:1731,579,1,0
BRDA:1732,580,0,0
BRDA:1732,580,1,0
BRDA:1732,581,0,0
BRDA:1732,581,1,0
BRDA:1732,582,0,0
BRDA:1732,582,1,0
BRDA:1732,583,0,0
BRDA:1732,583,1,0
BRDA:1759,584,0,0
BRDA:1759,584,1,0
BRDA:1759,585,0,0
BRDA:1759,585,1,0
BRDA:1760,586,0,0
BRDA:1760,586,1,0
BRDA:1760,587,0,0
BRDA:1760,587,1,0
BRDA:1760,588,0,0
BRDA:1760,588,1,0
BRDA:1760,589,0,0
BRDA:1760,589,1,0
BRDA:1761,590,0,0
BRDA:1761,590,1,0
BRDA:1781,591,0,0
BRDA:1781,591,1,0
BRDA:1781,592,0,0
BRDA:1781,592,1,0
BRDA:1783,593,0,0
BRDA:1783,593,1,0
BRDA:1786,594,0,0
BRDA:1786,594,1,0
BRDA:1787,595,0,0
BRDA:1787,595,1,0
BRDA:1788,596,0,0
BRDA:1788,596,1,0
BRDA:1806,597,0,0
BRDA:1806,597,1,0
BRDA:1853,598,0,0
BRDA:1853,598,1,0
BRDA:1853,599,0,0
BRDA:1853,599,1,0
BRDA:1855,600,0,0
BRDA:1855,600,1,0
BRDA:1858,601,0,0
BRDA:1858,601,1,0
BRDA:1859,602,0,0
BRDA:1859,602,1,0
BRDA:1860,603,0,0
BRDA:1860,603,1,0
BRDA:1867,604,0,0
BRDA:1867,604,1,0
BRDA:1867,605,0,0
BRDA:1867,605,1,0
BRDA:1867,606,0,0
BRDA:1867,606,1,0
BRDA:1876,607,0,0
BRDA:1876,607,1,0
BRDA:1891,608,0,0
BRDA:1891,608,1,0
BRDA:1891,609,0,0
BRDA:1891,609,1,0
BRDA:1897,610,0,0
BRDA:1897,610,1,0
BRDA:1897,611,0,0
BRDA:1897,611,1,0
BRDA:1898,612,0,0
BRDA:1898,612,1,0
BRDA:1900,613,0,0
BRDA:1900,613,1,0
BRDA:1900,614,0,0
BRDA:1900,614,1,0
BRDA:1900,615,0,0
BRDA:1900,615,1,0
BRDA:1900,616,0,0
BRDA:1900,616,1,0
BRDA:1901,617,0,0
BRDA:1901,617,1,0
BRDA:1901,618,0,0
BRDA:1901,618,1,0
BRDA:1901,619,0,0
BRDA:1901,619,1,0
BRDA:1901,620,0,0
BRDA:1901,620,1,0
BRDA:1902,621,0,0
BRDA:1902,621,1,0
BRDA:1902,622,0,0
BRDA:1902,622,1,0
BRDA:1902,623,0,0
BRDA:1902,623,1,0
BRDA:1902,624,0,0
BRDA:1902,624,1,0
BRDA:1916,625,0,0
BRDA:1916,625,1,0
BRDA:1917,626,0,0
BRDA:1917,626,1,0
BRDA:1917,627,0,0
BRDA:1917,627,1,0
BRDA:1918,628,0,0
BRDA:1918,628,1,0
BRDA:1947,629,0,0
BRDA:1947,629,1,0
BRDA:1947,630,0,0
BRDA:1947,630,1,0
BRDA:1948,631,0,0
BRDA:1948,631,1,0
BRDA:1948,632,0,0
BRDA:1948,632,1,0
BRDA:1948,633,0,0
BRDA:1948,633,1,0
BRDA:1948,634,0,0
BRDA:1948,634,1,0
BRDA:1949,635,0,0
BRDA:1949,635,1,0
BRDA:1970,636,0,0
BRDA:1970,636,1,0
BRDA:1970,637,0,0
BRDA:1970,637,1,0
BRDA:1972,638,0,0
BRDA:1972,638,1,0
BRDA:1975,639,0,0
BRDA:1975,639,1,0
BRDA:1976,640,0,0
BRDA:1976,640,1,0
BRDA:1977,641,0,0
BRDA:1977,641,1,0
BRDA:1994,642,0,0
BRDA:1994,642,1,0
BRDA:1994,643,0,0
BRDA:1994,643,1,0
BRDA:2001,644,0,0
BRDA:2001,644,1,0
BRDA:2001,645,0,0
BRDA:2001,645,1,0
BRDA:2003,646,0,0
BRDA:2003,646,1,0
BRDA:2005,647,0,0
BRDA:2005,647,1,0
BRDA:2013,648,0,0
BRDA:2013,648,1,0
BRDA:2023,649,0,0
BRDA:2023,649,1,0
BRDA:2024,650,0,0
BRDA:2024,650,1,0
BRDA:2024,651,0,0
BRDA:2024,651,1,0
BRDA:2025,652,0,0
BRDA:2025,652,1,0
BRDA:2048,653,0,0
BRDA:2048,653,1,0
BRDA:2048,654,0,0
BRDA:2048,654,1,0
BRDA:2050,655,0,0
BRDA:2050,655,1,0
BRDA:2052,656,0,0
BRDA:2052,656,1,0
BRDA:2052,657,0,0
BRDA:2052,657,1,0
BRDA:2053,658,0,0
BRDA:2053,658,1,0
BRDA:2053,659,0,0
BRDA:2053,659,1,0
BRDA:2055,660,0,0
BRDA:2055,660,1,0
BRDA:2065,661,0,0
BRDA:2065,661,1,0
BRDA:2089,662,0,0
BRDA:2089,662,1,0
BRDA:2089,663,0,0
BRDA:2089,663,1,0
BRDA:2091,664,0,0
BRDA:2091,664,1,0
BRDA:2093,665,0,0
BRDA:2093,665,1,0
BRDA:2093,666,0,0
BRDA:2093,666,1,0
BRDA:2094,667,0,0
BRDA:2094,667,1,0
BRDA:2094,668,0,0
BRDA:2094,668,1,0
BRDA:2096,669,0,0
BRDA:2096,669,1,0
BRDA:2106,670,0,0
BRDA:2106,670,1,0
BRDA:2112,671,0,0
BRDA:2112,671,1,0
BRDA:2116,672,0,0
BRDA:2116,672,1,0
BRDA:2117,673,0,0
BRDA:2117,673,1,0
BRDA:2119,674,0,0
BRDA:2119,674,1,0
BRDA:2120,675,0,0
BRDA:2120,675,1,0
BRDA:2120,676,0,0
BRDA:2120,676,1,0
BRDA:2121,677,0,0
BRDA:2121,677,1,0
BRDA:2121,678,0,0
BRDA:2121,678,1,0
BRDA:2122,679,0,0
BRDA:2122,679,1,0
BRDA:2125,680,0,0
BRDA:2125,680,1,0
BRDA:2133,681,0,0
BRDA:2133,681,1,0
BRDA:2143,682,0,0
BRDA:2143,682,1,0
BRDA:2143,683,0,0
BRDA:2143,683,1,0
BRDA:2148,684,0,0
BRDA:2148,684,1,0
BRDA:2149,685,0,0
BRDA:2149,685,1,0
BRDA:2153,686,0,0
BRDA:2153,686,1,0
BRDA:2153,687,0,0
BRDA:2153,687,1,0
BRDA:2154,688,0,0
BRDA:2154,688,1,0
BRDA:2156,689,0,0
BRDA:2156,689,1,0
BRDA:2159,690,0,0
BRDA:2159,690,1,0
BRDA:2159,691,0,0
BRDA:2159,691,1,0
BRDA:2159,692,0,0
BRDA:2159,692,1,0
BRDA:2159,693,0,0
BRDA:2159,693,1,0
BRDA:2159,694,0,0
BRDA:2159,694,1,0
BRDA:2162,695,0,0
BRDA:2162,695,1,0
BRDA:2162,696,0,0
BRDA:2162,696,1,0
BRDA:2162,697,0,0
BRDA:2162,697,1,0
BRDA:2162,698,0,0
BRDA:2162,698,1,0
BRDA:2163,699,0,0
BRDA:2163,699,1,0
BRDA:2163,700,0,0
BRDA:2163,700,1,0
BRDA:2163,701,0,0
BRDA:2163,701,1,0
BRDA:2163,702,0,0
BRDA:2163,702,1,0
BRDA:2163,703,0,0
BRDA:2163,703,1,0
BRDA:2163,704,0,0
BRDA:2163,704,1,0
BRDA:2163,705,0,0
BRDA:2163,705,1,0
BRDA:2163,706,0,0
BRDA:2163,706,1,0
BRDA:2164,707,0,0
BRDA:2164,707,1,0
BRDA:2164,708,0,0
BRDA:2164,708,1,0
BRDA:2164,709,0,0
BRDA:2164,709,1,0
BRDA:2164,710,0,0
BRDA:2164,710,1,0
BRDA:2164,711,0,0
BRDA:2164,711,1,0
BRDA:2164,712,0,0
BRDA:2164,712,1,0
BRDA:2164,713,0,0
BRDA:2164,713,1,0
BRDA:2164,714,0,0
BRDA:2164,714,1,0
BRDA:2175,715,0,0
BRDA:2175,715,1,0
BRDA:2175,716,0,0
BRDA:2175,716,1,0
BRDA:2180,717,0,0
BRDA:2180,717,1,0
BRDA:2180,718,0,0
BRDA:2180,718,1,0
BRDA:2183,719,0,0
BRDA:2183,719,1,0
BRDA:2183,720,0,0
BRDA:2183,720,1,0
BRDA:2186,721,0,0
BRDA:2186,721,1,0
BRDA:2186,722,0,0
BRDA:2186,722,1,0
BRDA:2204,723,0,0
BRDA:2204,723,1,0
BRDA:2204,724,0,0
BRDA:2204,724,1,0
BRDA:2217,725,0,0
BRDA:2217,725,1,0
BRDA:2217,726,0,0
BRDA:2217,726,1,0
BRDA:2244,727,0,0
BRDA:2244,727,1,0
BRDA:2244,728,0,0
BRDA:2244,728,1,0
BRDA:2244,729,0,0
BRDA:2244,729,1,0
BRDA:2244,730,0,0
BRDA:2244,730,1,0
BRDA:2244,731,0,0
BRDA:2244,731,1,0
BRDA:2244,732,0,0
BRDA:2244,732,1,0
BRDA:2244,733,0,0
BRDA:2244,733,1,0
BRDA:2244,734,0,0
BRDA:2244,734,1,0
BRDA:2244,735,0,0
BRDA:2244,735,1,0
BRDA:2244,736,0,0
BRDA:2244,736,1,0
BRDA:2244,737,0,0
BRDA:2244,737,1,0
BRDA:2247,738,0,0
BRDA:2247,738,1,0
BRDA:2247,739,0,0
BRDA:2247,739,1,0
BRDA:2254,740,0,0
BRDA:2254,740,1,0
BRF:1492
BRH:0
end_of_record
TN:
SF:src\test-utils\fileMock.ts
FNF:0
FNH:0
DA:1,0
DA:2,0
LF:2
LH:0
BRF:0
BRH:0
end_of_record
TN:
SF:src\test-utils\testProviders.tsx
FN:7,renderWithRouter
FNF:1
FNH:1
FNDA:13,renderWithRouter
DA:2,4
DA:3,4
DA:7,4
DA:8,13
LF:4
LH:4
BRDA:7,0,0,13
BRF:1
BRH:1
end_of_record
